[ 2017-05-01T00:00:11+08:00 ] ::1 /goforword/
INFO: [ app_init ] --START--
INFO: Run Behavior\BuildLiteBehavior [ RunTime:0.000000s ]
INFO: [ app_init ] --END-- [ RunTime:0.000976s ]
INFO: [ app_begin ] --START--
INFO: Run Behavior\ReadHtmlCacheBehavior [ RunTime:0.000977s ]
INFO: [ app_begin ] --END-- [ RunTime:0.001954s ]
NOTIC: [2048] Declaration of Home\Controller\IndexController::error() should be compatible with Think\Controller::error($message = '', $jumpUrl = '', $ajax = false) C:\wamp\www\goforword\Application\Home\Controller\IndexController.class.php 第 64 行.
INFO: [ view_parse ] --START--
INFO: [ template_filter ] --START--
INFO: Run Behavior\ContentReplaceBehavior [ RunTime:0.002929s ]
INFO: [ template_filter ] --END-- [ RunTime:0.004882s ]
INFO: Run Behavior\ParseTemplateBehavior [ RunTime:0.034180s ]
INFO: [ view_parse ] --END-- [ RunTime:0.034180s ]
INFO: [ view_filter ] --START--
INFO: Run Behavior\WriteHtmlCacheBehavior [ RunTime:0.000976s ]
INFO: [ view_filter ] --END-- [ RunTime:0.000976s ]
INFO: [ app_end ] --START--
INFO: Run Behavior\ShowPageTraceBehavior [ RunTime:0.000976s ]
INFO: [ app_end ] --END-- [ RunTime:0.002930s ]

[ 2017-05-01T00:00:29+08:00 ] ::1 /goforword/index.php?c=check&a=native
INFO: [ app_init ] --START--
INFO: Run Behavior\BuildLiteBehavior [ RunTime:0.000000s ]
INFO: [ app_init ] --END-- [ RunTime:0.000976s ]
INFO: [ app_begin ] --START--
INFO: Run Behavior\ReadHtmlCacheBehavior [ RunTime:0.000976s ]
INFO: [ app_begin ] --END-- [ RunTime:0.000976s ]
NOTIC: [2048] Declaration of Home\Model\CheckModel::check() should be compatible with Think\Model::check($value, $rule, $type = 'regex') C:\wamp\www\goforword\Application\Home\Model\CheckModel.class.php 第 4 行.
SQL: SHOW COLUMNS FROM `price` [ RunTime:0.0049s ]
SQL: SELECT * FROM `price` WHERE `native` = '中文'  [ RunTime:0.0020s ]
INFO: [ app_end ] --START--
INFO: Run Behavior\ShowPageTraceBehavior [ RunTime:0.001953s ]
INFO: [ app_end ] --END-- [ RunTime:0.001953s ]

[ 2017-05-01T00:00:32+08:00 ] ::1 /goforword/index.php?c=check&a=check
INFO: [ app_init ] --START--
INFO: Run Behavior\BuildLiteBehavior [ RunTime:0.000000s ]
INFO: [ app_init ] --END-- [ RunTime:0.000977s ]
INFO: [ app_begin ] --START--
INFO: Run Behavior\ReadHtmlCacheBehavior [ RunTime:0.000977s ]
INFO: [ app_begin ] --END-- [ RunTime:0.000977s ]
NOTIC: [2048] Declaration of Home\Model\CheckModel::check() should be compatible with Think\Model::check($value, $rule, $type = 'regex') C:\wamp\www\goforword\Application\Home\Model\CheckModel.class.php 第 4 行.
SQL: SHOW COLUMNS FROM `price` [ RunTime:0.0029s ]
SQL: SELECT * FROM `price` WHERE `native` = '中文' AND `goal` = '韩语'  [ RunTime:0.0010s ]
INFO: [ app_end ] --START--
INFO: Run Behavior\ShowPageTraceBehavior [ RunTime:0.000977s ]
INFO: [ app_end ] --END-- [ RunTime:0.000977s ]

[ 2017-05-01T00:03:03+08:00 ] ::1 /goforword/
INFO: [ app_init ] --START--
INFO: Run Behavior\BuildLiteBehavior [ RunTime:0.000000s ]
INFO: [ app_init ] --END-- [ RunTime:0.000976s ]
INFO: [ app_begin ] --START--
INFO: Run Behavior\ReadHtmlCacheBehavior [ RunTime:0.000977s ]
INFO: [ app_begin ] --END-- [ RunTime:0.000977s ]
NOTIC: [2048] Declaration of Home\Controller\IndexController::error() should be compatible with Think\Controller::error($message = '', $jumpUrl = '', $ajax = false) C:\wamp\www\goforword\Application\Home\Controller\IndexController.class.php 第 64 行.
INFO: [ view_parse ] --START--
INFO: [ template_filter ] --START--
INFO: Run Behavior\ContentReplaceBehavior [ RunTime:0.000977s ]
INFO: [ template_filter ] --END-- [ RunTime:0.000977s ]
INFO: Run Behavior\ParseTemplateBehavior [ RunTime:0.018554s ]
INFO: [ view_parse ] --END-- [ RunTime:0.019531s ]
INFO: [ view_filter ] --START--
INFO: Run Behavior\WriteHtmlCacheBehavior [ RunTime:0.000976s ]
INFO: [ view_filter ] --END-- [ RunTime:0.000976s ]
INFO: [ app_end ] --START--
INFO: Run Behavior\ShowPageTraceBehavior [ RunTime:0.000977s ]
INFO: [ app_end ] --END-- [ RunTime:0.000977s ]

[ 2017-05-01T00:03:50+08:00 ] ::1 /goforword/index.php?c=check&a=native
INFO: [ app_init ] --START--
INFO: Run Behavior\BuildLiteBehavior [ RunTime:0.000000s ]
INFO: [ app_init ] --END-- [ RunTime:0.000977s ]
INFO: [ app_begin ] --START--
INFO: Run Behavior\ReadHtmlCacheBehavior [ RunTime:0.000000s ]
INFO: [ app_begin ] --END-- [ RunTime:0.000977s ]
NOTIC: [2048] Declaration of Home\Model\CheckModel::check() should be compatible with Think\Model::check($value, $rule, $type = 'regex') C:\wamp\www\goforword\Application\Home\Model\CheckModel.class.php 第 4 行.
SQL: SHOW COLUMNS FROM `price` [ RunTime:0.0029s ]
SQL: SELECT * FROM `price` WHERE `native` = '英语'  [ RunTime:0.0010s ]
INFO: [ app_end ] --START--
INFO: Run Behavior\ShowPageTraceBehavior [ RunTime:0.000976s ]
INFO: [ app_end ] --END-- [ RunTime:0.000976s ]

[ 2017-05-01T00:03:55+08:00 ] ::1 /goforword/index.php?c=check&a=check
INFO: [ app_init ] --START--
INFO: Run Behavior\BuildLiteBehavior [ RunTime:0.000000s ]
INFO: [ app_init ] --END-- [ RunTime:0.000000s ]
INFO: [ app_begin ] --START--
INFO: Run Behavior\ReadHtmlCacheBehavior [ RunTime:0.000976s ]
INFO: [ app_begin ] --END-- [ RunTime:0.000976s ]
NOTIC: [2048] Declaration of Home\Model\CheckModel::check() should be compatible with Think\Model::check($value, $rule, $type = 'regex') C:\wamp\www\goforword\Application\Home\Model\CheckModel.class.php 第 4 行.
SQL: SHOW COLUMNS FROM `price` [ RunTime:0.0039s ]
SQL: SELECT * FROM `price` WHERE `native` = '英语' AND `goal` = '日语'  [ RunTime:0.0010s ]
INFO: [ app_end ] --START--
INFO: Run Behavior\ShowPageTraceBehavior [ RunTime:0.002929s ]
INFO: [ app_end ] --END-- [ RunTime:0.002929s ]

[ 2017-05-01T10:21:42+08:00 ] ::1 /goforword/
INFO: [ app_init ] --START--
INFO: Run Behavior\BuildLiteBehavior [ RunTime:0.000000s ]
INFO: [ app_init ] --END-- [ RunTime:0.003906s ]
INFO: [ app_begin ] --START--
INFO: Run Behavior\ReadHtmlCacheBehavior [ RunTime:0.000976s ]
INFO: [ app_begin ] --END-- [ RunTime:0.000976s ]
NOTIC: [2048] Declaration of Home\Controller\IndexController::error() should be compatible with Think\Controller::error($message = '', $jumpUrl = '', $ajax = false) C:\wamp\www\goforword\Application\Home\Controller\IndexController.class.php 第 64 行.
INFO: [ view_parse ] --START--
INFO: [ template_filter ] --START--
INFO: Run Behavior\ContentReplaceBehavior [ RunTime:0.002930s ]
INFO: [ template_filter ] --END-- [ RunTime:0.002930s ]
INFO: Run Behavior\ParseTemplateBehavior [ RunTime:0.062500s ]
INFO: [ view_parse ] --END-- [ RunTime:0.062500s ]
INFO: [ view_filter ] --START--
INFO: Run Behavior\WriteHtmlCacheBehavior [ RunTime:0.000977s ]
INFO: [ view_filter ] --END-- [ RunTime:0.001954s ]
INFO: [ app_end ] --START--
INFO: Run Behavior\ShowPageTraceBehavior [ RunTime:0.012695s ]
INFO: [ app_end ] --END-- [ RunTime:0.012695s ]

[ 2017-05-01T10:21:56+08:00 ] ::1 /goforword/index.php?c=check&a=native
INFO: [ app_init ] --START--
INFO: Run Behavior\BuildLiteBehavior [ RunTime:0.000977s ]
INFO: [ app_init ] --END-- [ RunTime:0.000977s ]
INFO: [ app_begin ] --START--
INFO: Run Behavior\ReadHtmlCacheBehavior [ RunTime:0.000977s ]
INFO: [ app_begin ] --END-- [ RunTime:0.000977s ]
NOTIC: [2048] Declaration of Home\Model\CheckModel::check() should be compatible with Think\Model::check($value, $rule, $type = 'regex') C:\wamp\www\goforword\Application\Home\Model\CheckModel.class.php 第 4 行.
SQL: SHOW COLUMNS FROM `price` [ RunTime:0.0469s ]
SQL: SELECT * FROM `price` WHERE `native` = '英语'  [ RunTime:0.0479s ]
INFO: [ app_end ] --START--
INFO: Run Behavior\ShowPageTraceBehavior [ RunTime:0.000977s ]
INFO: [ app_end ] --END-- [ RunTime:0.000977s ]

[ 2017-05-01T10:21:58+08:00 ] ::1 /goforword/index.php?c=check&a=check
INFO: [ app_init ] --START--
INFO: Run Behavior\BuildLiteBehavior [ RunTime:0.000000s ]
INFO: [ app_init ] --END-- [ RunTime:0.000976s ]
INFO: [ app_begin ] --START--
INFO: Run Behavior\ReadHtmlCacheBehavior [ RunTime:0.000000s ]
INFO: [ app_begin ] --END-- [ RunTime:0.000977s ]
NOTIC: [2048] Declaration of Home\Model\CheckModel::check() should be compatible with Think\Model::check($value, $rule, $type = 'regex') C:\wamp\www\goforword\Application\Home\Model\CheckModel.class.php 第 4 行.
SQL: SHOW COLUMNS FROM `price` [ RunTime:0.0029s ]
SQL: SELECT * FROM `price` WHERE `native` = '英语' AND `goal` = '日语'  [ RunTime:0.0107s ]
INFO: [ app_end ] --START--
INFO: Run Behavior\ShowPageTraceBehavior [ RunTime:0.000976s ]
INFO: [ app_end ] --END-- [ RunTime:0.000976s ]

[ 2017-05-01T10:22:01+08:00 ] ::1 /goforword/index.php?c=check&a=native
INFO: [ app_init ] --START--
INFO: Run Behavior\BuildLiteBehavior [ RunTime:0.000000s ]
INFO: [ app_init ] --END-- [ RunTime:0.000977s ]
INFO: [ app_begin ] --START--
INFO: Run Behavior\ReadHtmlCacheBehavior [ RunTime:0.000000s ]
INFO: [ app_begin ] --END-- [ RunTime:0.000977s ]
NOTIC: [2048] Declaration of Home\Model\CheckModel::check() should be compatible with Think\Model::check($value, $rule, $type = 'regex') C:\wamp\www\goforword\Application\Home\Model\CheckModel.class.php 第 4 行.
SQL: SHOW COLUMNS FROM `price` [ RunTime:0.0039s ]
SQL: SELECT * FROM `price` WHERE `native` = '德语'  [ RunTime:0.0010s ]
INFO: [ app_end ] --START--
INFO: Run Behavior\ShowPageTraceBehavior [ RunTime:0.000977s ]
INFO: [ app_end ] --END-- [ RunTime:0.001953s ]

[ 2017-05-01T10:22:17+08:00 ] ::1 /goforword/index.php?c=check&a=native
INFO: [ app_init ] --START--
INFO: Run Behavior\BuildLiteBehavior [ RunTime:0.000976s ]
INFO: [ app_init ] --END-- [ RunTime:0.000976s ]
INFO: [ app_begin ] --START--
INFO: Run Behavior\ReadHtmlCacheBehavior [ RunTime:0.000976s ]
INFO: [ app_begin ] --END-- [ RunTime:0.001953s ]
NOTIC: [2048] Declaration of Home\Model\CheckModel::check() should be compatible with Think\Model::check($value, $rule, $type = 'regex') C:\wamp\www\goforword\Application\Home\Model\CheckModel.class.php 第 4 行.
SQL: SHOW COLUMNS FROM `price` [ RunTime:0.0039s ]
SQL: SELECT * FROM `price` WHERE `native` = '中文'  [ RunTime:0.0010s ]
INFO: [ app_end ] --START--
INFO: Run Behavior\ShowPageTraceBehavior [ RunTime:0.000977s ]
INFO: [ app_end ] --END-- [ RunTime:0.001953s ]

[ 2017-05-01T10:22:19+08:00 ] ::1 /goforword/index.php?c=check&a=check
INFO: [ app_init ] --START--
INFO: Run Behavior\BuildLiteBehavior [ RunTime:0.000000s ]
INFO: [ app_init ] --END-- [ RunTime:0.000976s ]
INFO: [ app_begin ] --START--
INFO: Run Behavior\ReadHtmlCacheBehavior [ RunTime:0.000000s ]
INFO: [ app_begin ] --END-- [ RunTime:0.000977s ]
NOTIC: [2048] Declaration of Home\Model\CheckModel::check() should be compatible with Think\Model::check($value, $rule, $type = 'regex') C:\wamp\www\goforword\Application\Home\Model\CheckModel.class.php 第 4 行.
SQL: SHOW COLUMNS FROM `price` [ RunTime:0.0029s ]
SQL: SELECT * FROM `price` WHERE `native` = '中文' AND `goal` = '日语'  [ RunTime:0.0010s ]
INFO: [ app_end ] --START--
INFO: Run Behavior\ShowPageTraceBehavior [ RunTime:0.000977s ]
INFO: [ app_end ] --END-- [ RunTime:0.000977s ]

[ 2017-05-01T10:22:46+08:00 ] ::1 /goforword/index.php?c=check&a=check
INFO: [ app_init ] --START--
INFO: Run Behavior\BuildLiteBehavior [ RunTime:0.000000s ]
INFO: [ app_init ] --END-- [ RunTime:0.000977s ]
INFO: [ app_begin ] --START--
INFO: Run Behavior\ReadHtmlCacheBehavior [ RunTime:0.000000s ]
INFO: [ app_begin ] --END-- [ RunTime:0.000976s ]
NOTIC: [2048] Declaration of Home\Model\CheckModel::check() should be compatible with Think\Model::check($value, $rule, $type = 'regex') C:\wamp\www\goforword\Application\Home\Model\CheckModel.class.php 第 4 行.
SQL: SHOW COLUMNS FROM `price` [ RunTime:0.1084s ]
SQL: SELECT * FROM `price` WHERE `native` = '中文' AND `goal` = '德语'  [ RunTime:0.0000s ]
INFO: [ app_end ] --START--
INFO: Run Behavior\ShowPageTraceBehavior [ RunTime:0.000000s ]
INFO: [ app_end ] --END-- [ RunTime:0.000000s ]

[ 2017-05-01T10:22:51+08:00 ] ::1 /goforword/index.php?c=check&a=native
INFO: [ app_init ] --START--
INFO: Run Behavior\BuildLiteBehavior [ RunTime:0.000976s ]
INFO: [ app_init ] --END-- [ RunTime:0.000976s ]
INFO: [ app_begin ] --START--
INFO: Run Behavior\ReadHtmlCacheBehavior [ RunTime:0.000976s ]
INFO: [ app_begin ] --END-- [ RunTime:0.000976s ]
NOTIC: [2048] Declaration of Home\Model\CheckModel::check() should be compatible with Think\Model::check($value, $rule, $type = 'regex') C:\wamp\www\goforword\Application\Home\Model\CheckModel.class.php 第 4 行.
SQL: SHOW COLUMNS FROM `price` [ RunTime:0.0029s ]
SQL: SELECT * FROM `price` WHERE `native` = '法语'  [ RunTime:0.0000s ]
INFO: [ app_end ] --START--
INFO: Run Behavior\ShowPageTraceBehavior [ RunTime:0.000000s ]
INFO: [ app_end ] --END-- [ RunTime:0.000977s ]

[ 2017-05-01T10:23:04+08:00 ] ::1 /goforword/index.php?c=check&a=native
INFO: [ app_init ] --START--
INFO: Run Behavior\BuildLiteBehavior [ RunTime:0.000000s ]
INFO: [ app_init ] --END-- [ RunTime:0.000977s ]
INFO: [ app_begin ] --START--
INFO: Run Behavior\ReadHtmlCacheBehavior [ RunTime:0.000977s ]
INFO: [ app_begin ] --END-- [ RunTime:0.000977s ]
NOTIC: [2048] Declaration of Home\Model\CheckModel::check() should be compatible with Think\Model::check($value, $rule, $type = 'regex') C:\wamp\www\goforword\Application\Home\Model\CheckModel.class.php 第 4 行.
SQL: SHOW COLUMNS FROM `price` [ RunTime:0.0029s ]
SQL: SELECT * FROM `price` WHERE `native` = '西班牙语'  [ RunTime:0.0000s ]
INFO: [ app_end ] --START--
INFO: Run Behavior\ShowPageTraceBehavior [ RunTime:0.000000s ]
INFO: [ app_end ] --END-- [ RunTime:0.000976s ]

[ 2017-05-01T10:23:18+08:00 ] ::1 /goforword/index.php?c=check&a=native
INFO: [ app_init ] --START--
INFO: Run Behavior\BuildLiteBehavior [ RunTime:0.000000s ]
INFO: [ app_init ] --END-- [ RunTime:0.000976s ]
INFO: [ app_begin ] --START--
INFO: Run Behavior\ReadHtmlCacheBehavior [ RunTime:0.000977s ]
INFO: [ app_begin ] --END-- [ RunTime:0.000977s ]
NOTIC: [2048] Declaration of Home\Model\CheckModel::check() should be compatible with Think\Model::check($value, $rule, $type = 'regex') C:\wamp\www\goforword\Application\Home\Model\CheckModel.class.php 第 4 行.
SQL: SHOW COLUMNS FROM `price` [ RunTime:0.0029s ]
SQL: SELECT * FROM `price` WHERE `native` = '德语'  [ RunTime:0.0000s ]
INFO: [ app_end ] --START--
INFO: Run Behavior\ShowPageTraceBehavior [ RunTime:0.000977s ]
INFO: [ app_end ] --END-- [ RunTime:0.001954s ]

[ 2017-05-01T10:23:23+08:00 ] ::1 /goforword/index.php?c=check&a=native
INFO: [ app_init ] --START--
INFO: Run Behavior\BuildLiteBehavior [ RunTime:0.000000s ]
INFO: [ app_init ] --END-- [ RunTime:0.000976s ]
INFO: [ app_begin ] --START--
INFO: Run Behavior\ReadHtmlCacheBehavior [ RunTime:0.000977s ]
INFO: [ app_begin ] --END-- [ RunTime:0.000977s ]
NOTIC: [2048] Declaration of Home\Model\CheckModel::check() should be compatible with Think\Model::check($value, $rule, $type = 'regex') C:\wamp\www\goforword\Application\Home\Model\CheckModel.class.php 第 4 行.
SQL: SHOW COLUMNS FROM `price` [ RunTime:0.0039s ]
SQL: SELECT * FROM `price` WHERE `native` = '西班牙语'  [ RunTime:0.0000s ]
INFO: [ app_end ] --START--
INFO: Run Behavior\ShowPageTraceBehavior [ RunTime:0.000976s ]
INFO: [ app_end ] --END-- [ RunTime:0.001953s ]

[ 2017-05-01T10:23:25+08:00 ] ::1 /goforword/index.php?c=check&a=native
INFO: [ app_init ] --START--
INFO: Run Behavior\BuildLiteBehavior [ RunTime:0.000000s ]
INFO: [ app_init ] --END-- [ RunTime:0.000976s ]
INFO: [ app_begin ] --START--
INFO: Run Behavior\ReadHtmlCacheBehavior [ RunTime:0.000000s ]
INFO: [ app_begin ] --END-- [ RunTime:0.000976s ]
NOTIC: [2048] Declaration of Home\Model\CheckModel::check() should be compatible with Think\Model::check($value, $rule, $type = 'regex') C:\wamp\www\goforword\Application\Home\Model\CheckModel.class.php 第 4 行.
SQL: SHOW COLUMNS FROM `price` [ RunTime:0.0029s ]
SQL: SELECT * FROM `price` WHERE `native` = '英语'  [ RunTime:0.0010s ]
INFO: [ app_end ] --START--
INFO: Run Behavior\ShowPageTraceBehavior [ RunTime:0.000976s ]
INFO: [ app_end ] --END-- [ RunTime:0.000976s ]

[ 2017-05-01T10:23:27+08:00 ] ::1 /goforword/index.php?c=check&a=check
INFO: [ app_init ] --START--
INFO: Run Behavior\BuildLiteBehavior [ RunTime:0.000000s ]
INFO: [ app_init ] --END-- [ RunTime:0.000977s ]
INFO: [ app_begin ] --START--
INFO: Run Behavior\ReadHtmlCacheBehavior [ RunTime:0.000976s ]
INFO: [ app_begin ] --END-- [ RunTime:0.000976s ]
NOTIC: [2048] Declaration of Home\Model\CheckModel::check() should be compatible with Think\Model::check($value, $rule, $type = 'regex') C:\wamp\www\goforword\Application\Home\Model\CheckModel.class.php 第 4 行.
SQL: SHOW COLUMNS FROM `price` [ RunTime:0.0029s ]
SQL: SELECT * FROM `price` WHERE `native` = '英语' AND `goal` = '韩语'  [ RunTime:0.0000s ]
INFO: [ app_end ] --START--
INFO: Run Behavior\ShowPageTraceBehavior [ RunTime:0.000976s ]
INFO: [ app_end ] --END-- [ RunTime:0.000976s ]

[ 2017-05-01T10:23:43+08:00 ] ::1 /goforword/
INFO: [ app_init ] --START--
INFO: Run Behavior\BuildLiteBehavior [ RunTime:0.000000s ]
INFO: [ app_init ] --END-- [ RunTime:0.000977s ]
INFO: [ app_begin ] --START--
INFO: Run Behavior\ReadHtmlCacheBehavior [ RunTime:0.000000s ]
INFO: [ app_begin ] --END-- [ RunTime:0.001954s ]
NOTIC: [2048] Declaration of Home\Controller\IndexController::error() should be compatible with Think\Controller::error($message = '', $jumpUrl = '', $ajax = false) C:\wamp\www\goforword\Application\Home\Controller\IndexController.class.php 第 64 行.
INFO: [ view_parse ] --START--
INFO: [ template_filter ] --START--
INFO: Run Behavior\ContentReplaceBehavior [ RunTime:0.000977s ]
INFO: [ template_filter ] --END-- [ RunTime:0.000977s ]
INFO: Run Behavior\ParseTemplateBehavior [ RunTime:0.021484s ]
INFO: [ view_parse ] --END-- [ RunTime:0.022461s ]
INFO: [ view_filter ] --START--
INFO: Run Behavior\WriteHtmlCacheBehavior [ RunTime:0.000976s ]
INFO: [ view_filter ] --END-- [ RunTime:0.000976s ]
INFO: [ app_end ] --START--
INFO: Run Behavior\ShowPageTraceBehavior [ RunTime:0.000976s ]
INFO: [ app_end ] --END-- [ RunTime:0.000976s ]

[ 2017-05-01T10:24:03+08:00 ] ::1 /goforword/index.php?c=check&a=native
INFO: [ app_init ] --START--
INFO: Run Behavior\BuildLiteBehavior [ RunTime:0.000000s ]
INFO: [ app_init ] --END-- [ RunTime:0.000976s ]
INFO: [ app_begin ] --START--
INFO: Run Behavior\ReadHtmlCacheBehavior [ RunTime:0.000977s ]
INFO: [ app_begin ] --END-- [ RunTime:0.000977s ]
NOTIC: [2048] Declaration of Home\Model\CheckModel::check() should be compatible with Think\Model::check($value, $rule, $type = 'regex') C:\wamp\www\goforword\Application\Home\Model\CheckModel.class.php 第 4 行.
SQL: SHOW COLUMNS FROM `price` [ RunTime:0.0029s ]
SQL: SELECT * FROM `price` WHERE `native` = '韩语'  [ RunTime:0.0010s ]
INFO: [ app_end ] --START--
INFO: Run Behavior\ShowPageTraceBehavior [ RunTime:0.000976s ]
INFO: [ app_end ] --END-- [ RunTime:0.000976s ]

[ 2017-05-01T10:25:01+08:00 ] ::1 /goforword/
INFO: [ app_init ] --START--
INFO: Run Behavior\BuildLiteBehavior [ RunTime:0.000000s ]
INFO: [ app_init ] --END-- [ RunTime:0.000976s ]
INFO: [ app_begin ] --START--
INFO: Run Behavior\ReadHtmlCacheBehavior [ RunTime:0.000977s ]
INFO: [ app_begin ] --END-- [ RunTime:0.000977s ]
NOTIC: [2048] Declaration of Home\Controller\IndexController::error() should be compatible with Think\Controller::error($message = '', $jumpUrl = '', $ajax = false) C:\wamp\www\goforword\Application\Home\Controller\IndexController.class.php 第 64 行.
INFO: [ view_parse ] --START--
INFO: [ template_filter ] --START--
INFO: Run Behavior\ContentReplaceBehavior [ RunTime:0.000000s ]
INFO: [ template_filter ] --END-- [ RunTime:0.000000s ]
INFO: Run Behavior\ParseTemplateBehavior [ RunTime:0.018555s ]
INFO: [ view_parse ] --END-- [ RunTime:0.019531s ]
INFO: [ view_filter ] --START--
INFO: Run Behavior\WriteHtmlCacheBehavior [ RunTime:0.000977s ]
INFO: [ view_filter ] --END-- [ RunTime:0.000977s ]
INFO: [ app_end ] --START--
INFO: Run Behavior\ShowPageTraceBehavior [ RunTime:0.000976s ]
INFO: [ app_end ] --END-- [ RunTime:0.000976s ]

[ 2017-05-01T10:25:09+08:00 ] ::1 /goforword/index.php?c=check&a=native
INFO: [ app_init ] --START--
INFO: Run Behavior\BuildLiteBehavior [ RunTime:0.000000s ]
INFO: [ app_init ] --END-- [ RunTime:0.000977s ]
INFO: [ app_begin ] --START--
INFO: Run Behavior\ReadHtmlCacheBehavior [ RunTime:0.000976s ]
INFO: [ app_begin ] --END-- [ RunTime:0.000976s ]
NOTIC: [2048] Declaration of Home\Model\CheckModel::check() should be compatible with Think\Model::check($value, $rule, $type = 'regex') C:\wamp\www\goforword\Application\Home\Model\CheckModel.class.php 第 4 行.
SQL: SHOW COLUMNS FROM `price` [ RunTime:0.0029s ]
SQL: SELECT * FROM `price` WHERE `native` = '英语'  [ RunTime:0.0010s ]
INFO: [ app_end ] --START--
INFO: Run Behavior\ShowPageTraceBehavior [ RunTime:0.000977s ]
INFO: [ app_end ] --END-- [ RunTime:0.001953s ]

[ 2017-05-01T10:25:10+08:00 ] ::1 /goforword/index.php?c=check&a=check
INFO: [ app_init ] --START--
INFO: Run Behavior\BuildLiteBehavior [ RunTime:0.000000s ]
INFO: [ app_init ] --END-- [ RunTime:0.000976s ]
INFO: [ app_begin ] --START--
INFO: Run Behavior\ReadHtmlCacheBehavior [ RunTime:0.000977s ]
INFO: [ app_begin ] --END-- [ RunTime:0.000977s ]
NOTIC: [2048] Declaration of Home\Model\CheckModel::check() should be compatible with Think\Model::check($value, $rule, $type = 'regex') C:\wamp\www\goforword\Application\Home\Model\CheckModel.class.php 第 4 行.
SQL: SHOW COLUMNS FROM `price` [ RunTime:0.0039s ]
SQL: SELECT * FROM `price` WHERE `native` = '英语' AND `goal` = '日语'  [ RunTime:0.0000s ]
INFO: [ app_end ] --START--
INFO: Run Behavior\ShowPageTraceBehavior [ RunTime:0.000000s ]
INFO: [ app_end ] --END-- [ RunTime:0.000976s ]

[ 2017-05-01T10:25:38+08:00 ] ::1 /goforword/
INFO: [ app_init ] --START--
INFO: Run Behavior\BuildLiteBehavior [ RunTime:0.000000s ]
INFO: [ app_init ] --END-- [ RunTime:0.000976s ]
INFO: [ app_begin ] --START--
INFO: Run Behavior\ReadHtmlCacheBehavior [ RunTime:0.000977s ]
INFO: [ app_begin ] --END-- [ RunTime:0.001953s ]
NOTIC: [2048] Declaration of Home\Controller\IndexController::error() should be compatible with Think\Controller::error($message = '', $jumpUrl = '', $ajax = false) C:\wamp\www\goforword\Application\Home\Controller\IndexController.class.php 第 64 行.
INFO: [ view_parse ] --START--
INFO: [ template_filter ] --START--
INFO: Run Behavior\ContentReplaceBehavior [ RunTime:0.000000s ]
INFO: [ template_filter ] --END-- [ RunTime:0.000977s ]
INFO: Run Behavior\ParseTemplateBehavior [ RunTime:0.023438s ]
INFO: [ view_parse ] --END-- [ RunTime:0.023438s ]
INFO: [ view_filter ] --START--
INFO: Run Behavior\WriteHtmlCacheBehavior [ RunTime:0.000000s ]
INFO: [ view_filter ] --END-- [ RunTime:0.000976s ]
INFO: [ app_end ] --START--
INFO: Run Behavior\ShowPageTraceBehavior [ RunTime:0.000976s ]
INFO: [ app_end ] --END-- [ RunTime:0.001953s ]

[ 2017-05-01T10:25:48+08:00 ] ::1 /goforword/index.php?c=check&a=native
INFO: [ app_init ] --START--
INFO: Run Behavior\BuildLiteBehavior [ RunTime:0.000000s ]
INFO: [ app_init ] --END-- [ RunTime:0.000977s ]
INFO: [ app_begin ] --START--
INFO: Run Behavior\ReadHtmlCacheBehavior [ RunTime:0.000977s ]
INFO: [ app_begin ] --END-- [ RunTime:0.000977s ]
NOTIC: [2048] Declaration of Home\Model\CheckModel::check() should be compatible with Think\Model::check($value, $rule, $type = 'regex') C:\wamp\www\goforword\Application\Home\Model\CheckModel.class.php 第 4 行.
SQL: SHOW COLUMNS FROM `price` [ RunTime:0.0029s ]
SQL: SELECT * FROM `price` WHERE `native` = '西班牙语'  [ RunTime:0.0010s ]
INFO: [ app_end ] --START--
INFO: Run Behavior\ShowPageTraceBehavior [ RunTime:0.000976s ]
INFO: [ app_end ] --END-- [ RunTime:0.000976s ]

[ 2017-05-01T10:25:48+08:00 ] ::1 /goforword/index.php?c=check&a=check
INFO: [ app_init ] --START--
INFO: Run Behavior\BuildLiteBehavior [ RunTime:0.000000s ]
INFO: [ app_init ] --END-- [ RunTime:0.001953s ]
INFO: [ app_begin ] --START--
INFO: Run Behavior\ReadHtmlCacheBehavior [ RunTime:0.000976s ]
INFO: [ app_begin ] --END-- [ RunTime:0.001953s ]
NOTIC: [2048] Declaration of Home\Model\CheckModel::check() should be compatible with Think\Model::check($value, $rule, $type = 'regex') C:\wamp\www\goforword\Application\Home\Model\CheckModel.class.php 第 4 行.
SQL: SHOW COLUMNS FROM `price` [ RunTime:0.0029s ]
SQL: SELECT * FROM `price` WHERE `native` = '西班牙语' AND `goal` = '日语'  [ RunTime:0.0000s ]
NOTIC: [8] Undefined offset: 0 C:\wamp\www\goforword\Application\Home\Controller\CheckController.class.php 第 22 行.
NOTIC: [8] Undefined offset: 0 C:\wamp\www\goforword\Application\Home\Controller\CheckController.class.php 第 23 行.
INFO: [ app_end ] --START--
INFO: Run Behavior\ShowPageTraceBehavior [ RunTime:0.000977s ]
INFO: [ app_end ] --END-- [ RunTime:0.001953s ]

[ 2017-05-01T10:25:55+08:00 ] ::1 /goforword/index.php?c=check&a=native
INFO: [ app_init ] --START--
INFO: Run Behavior\BuildLiteBehavior [ RunTime:0.000000s ]
INFO: [ app_init ] --END-- [ RunTime:0.000977s ]
INFO: [ app_begin ] --START--
INFO: Run Behavior\ReadHtmlCacheBehavior [ RunTime:0.000976s ]
INFO: [ app_begin ] --END-- [ RunTime:0.000976s ]
NOTIC: [2048] Declaration of Home\Model\CheckModel::check() should be compatible with Think\Model::check($value, $rule, $type = 'regex') C:\wamp\www\goforword\Application\Home\Model\CheckModel.class.php 第 4 行.
SQL: SHOW COLUMNS FROM `price` [ RunTime:0.0029s ]
SQL: SELECT * FROM `price` WHERE `native` = '德语'  [ RunTime:0.0000s ]
INFO: [ app_end ] --START--
INFO: Run Behavior\ShowPageTraceBehavior [ RunTime:0.000977s ]
INFO: [ app_end ] --END-- [ RunTime:0.000977s ]

[ 2017-05-01T10:25:55+08:00 ] ::1 /goforword/index.php?c=check&a=check
INFO: [ app_init ] --START--
INFO: Run Behavior\BuildLiteBehavior [ RunTime:0.000000s ]
INFO: [ app_init ] --END-- [ RunTime:0.000976s ]
INFO: [ app_begin ] --START--
INFO: Run Behavior\ReadHtmlCacheBehavior [ RunTime:0.000976s ]
INFO: [ app_begin ] --END-- [ RunTime:0.001953s ]
NOTIC: [2048] Declaration of Home\Model\CheckModel::check() should be compatible with Think\Model::check($value, $rule, $type = 'regex') C:\wamp\www\goforword\Application\Home\Model\CheckModel.class.php 第 4 行.
SQL: SHOW COLUMNS FROM `price` [ RunTime:0.0039s ]
SQL: SELECT * FROM `price` WHERE `native` = '德语' AND `goal` = '中文'  [ RunTime:0.0000s ]
INFO: [ app_end ] --START--
INFO: Run Behavior\ShowPageTraceBehavior [ RunTime:0.000976s ]
INFO: [ app_end ] --END-- [ RunTime:0.000976s ]

[ 2017-05-01T10:25:58+08:00 ] ::1 /goforword/index.php?c=check&a=check
INFO: [ app_init ] --START--
INFO: Run Behavior\BuildLiteBehavior [ RunTime:0.000000s ]
INFO: [ app_init ] --END-- [ RunTime:0.000976s ]
INFO: [ app_begin ] --START--
INFO: Run Behavior\ReadHtmlCacheBehavior [ RunTime:0.000977s ]
INFO: [ app_begin ] --END-- [ RunTime:0.000977s ]
NOTIC: [2048] Declaration of Home\Model\CheckModel::check() should be compatible with Think\Model::check($value, $rule, $type = 'regex') C:\wamp\www\goforword\Application\Home\Model\CheckModel.class.php 第 4 行.
SQL: SHOW COLUMNS FROM `price` [ RunTime:0.0029s ]
SQL: SELECT * FROM `price` WHERE `native` = '法语' AND `goal` = '中文'  [ RunTime:0.0010s ]
INFO: [ app_end ] --START--
INFO: Run Behavior\ShowPageTraceBehavior [ RunTime:0.000976s ]
INFO: [ app_end ] --END-- [ RunTime:0.000976s ]

[ 2017-05-01T10:25:58+08:00 ] ::1 /goforword/index.php?c=check&a=native
INFO: [ app_init ] --START--
INFO: Run Behavior\BuildLiteBehavior [ RunTime:0.000000s ]
INFO: [ app_init ] --END-- [ RunTime:0.000977s ]
INFO: [ app_begin ] --START--
INFO: Run Behavior\ReadHtmlCacheBehavior [ RunTime:0.000976s ]
INFO: [ app_begin ] --END-- [ RunTime:0.000976s ]
NOTIC: [2048] Declaration of Home\Model\CheckModel::check() should be compatible with Think\Model::check($value, $rule, $type = 'regex') C:\wamp\www\goforword\Application\Home\Model\CheckModel.class.php 第 4 行.
SQL: SHOW COLUMNS FROM `price` [ RunTime:0.0049s ]
SQL: SELECT * FROM `price` WHERE `native` = '法语'  [ RunTime:0.0000s ]
INFO: [ app_end ] --START--
INFO: Run Behavior\ShowPageTraceBehavior [ RunTime:0.000977s ]
INFO: [ app_end ] --END-- [ RunTime:0.000977s ]

[ 2017-05-01T10:26:04+08:00 ] ::1 /goforword/index.php?c=check&a=check
INFO: [ app_init ] --START--
INFO: Run Behavior\BuildLiteBehavior [ RunTime:0.000000s ]
INFO: [ app_init ] --END-- [ RunTime:0.000977s ]
INFO: [ app_begin ] --START--
INFO: Run Behavior\ReadHtmlCacheBehavior [ RunTime:0.000977s ]
INFO: [ app_begin ] --END-- [ RunTime:0.000977s ]
NOTIC: [2048] Declaration of Home\Model\CheckModel::check() should be compatible with Think\Model::check($value, $rule, $type = 'regex') C:\wamp\www\goforword\Application\Home\Model\CheckModel.class.php 第 4 行.
SQL: SHOW COLUMNS FROM `price` [ RunTime:0.0020s ]
SQL: SELECT * FROM `price` WHERE `native` = '西班牙语' AND `goal` = '中文'  [ RunTime:0.0010s ]
INFO: [ app_end ] --START--
INFO: Run Behavior\ShowPageTraceBehavior [ RunTime:0.000976s ]
INFO: [ app_end ] --END-- [ RunTime:0.001953s ]

[ 2017-05-01T10:26:04+08:00 ] ::1 /goforword/index.php?c=check&a=native
INFO: [ app_init ] --START--
INFO: Run Behavior\BuildLiteBehavior [ RunTime:0.000000s ]
INFO: [ app_init ] --END-- [ RunTime:0.000976s ]
INFO: [ app_begin ] --START--
INFO: Run Behavior\ReadHtmlCacheBehavior [ RunTime:0.000976s ]
INFO: [ app_begin ] --END-- [ RunTime:0.002929s ]
NOTIC: [2048] Declaration of Home\Model\CheckModel::check() should be compatible with Think\Model::check($value, $rule, $type = 'regex') C:\wamp\www\goforword\Application\Home\Model\CheckModel.class.php 第 4 行.
SQL: SHOW COLUMNS FROM `price` [ RunTime:0.0039s ]
SQL: SELECT * FROM `price` WHERE `native` = '西班牙语'  [ RunTime:0.0010s ]
INFO: [ app_end ] --START--
INFO: Run Behavior\ShowPageTraceBehavior [ RunTime:0.000977s ]
INFO: [ app_end ] --END-- [ RunTime:0.001953s ]

[ 2017-05-01T10:26:09+08:00 ] ::1 /goforword/index.php?c=check&a=check
INFO: [ app_init ] --START--
INFO: Run Behavior\BuildLiteBehavior [ RunTime:0.000000s ]
INFO: [ app_init ] --END-- [ RunTime:0.000976s ]
INFO: [ app_begin ] --START--
INFO: Run Behavior\ReadHtmlCacheBehavior [ RunTime:0.000977s ]
INFO: [ app_begin ] --END-- [ RunTime:0.000977s ]
NOTIC: [2048] Declaration of Home\Model\CheckModel::check() should be compatible with Think\Model::check($value, $rule, $type = 'regex') C:\wamp\www\goforword\Application\Home\Model\CheckModel.class.php 第 4 行.
SQL: SHOW COLUMNS FROM `price` [ RunTime:0.0029s ]
SQL: SELECT * FROM `price` WHERE `native` = '英语' AND `goal` = '中文'  [ RunTime:0.0010s ]
INFO: [ app_end ] --START--
INFO: Run Behavior\ShowPageTraceBehavior [ RunTime:0.000977s ]
INFO: [ app_end ] --END-- [ RunTime:0.000977s ]

[ 2017-05-01T10:26:09+08:00 ] ::1 /goforword/index.php?c=check&a=native
INFO: [ app_init ] --START--
INFO: Run Behavior\BuildLiteBehavior [ RunTime:0.000000s ]
INFO: [ app_init ] --END-- [ RunTime:0.000976s ]
INFO: [ app_begin ] --START--
INFO: Run Behavior\ReadHtmlCacheBehavior [ RunTime:0.000977s ]
INFO: [ app_begin ] --END-- [ RunTime:0.001954s ]
NOTIC: [2048] Declaration of Home\Model\CheckModel::check() should be compatible with Think\Model::check($value, $rule, $type = 'regex') C:\wamp\www\goforword\Application\Home\Model\CheckModel.class.php 第 4 行.
SQL: SHOW COLUMNS FROM `price` [ RunTime:0.0059s ]
SQL: SELECT * FROM `price` WHERE `native` = '英语'  [ RunTime:0.0010s ]
INFO: [ app_end ] --START--
INFO: Run Behavior\ShowPageTraceBehavior [ RunTime:0.000976s ]
INFO: [ app_end ] --END-- [ RunTime:0.000976s ]

[ 2017-05-01T10:26:12+08:00 ] ::1 /goforword/index.php?c=check&a=check
INFO: [ app_init ] --START--
INFO: Run Behavior\BuildLiteBehavior [ RunTime:0.000000s ]
INFO: [ app_init ] --END-- [ RunTime:0.000977s ]
INFO: [ app_begin ] --START--
INFO: Run Behavior\ReadHtmlCacheBehavior [ RunTime:0.000000s ]
INFO: [ app_begin ] --END-- [ RunTime:0.000000s ]
NOTIC: [2048] Declaration of Home\Model\CheckModel::check() should be compatible with Think\Model::check($value, $rule, $type = 'regex') C:\wamp\www\goforword\Application\Home\Model\CheckModel.class.php 第 4 行.
SQL: SHOW COLUMNS FROM `price` [ RunTime:0.0049s ]
SQL: SELECT * FROM `price` WHERE `native` = '英语' AND `goal` = '韩语'  [ RunTime:0.0020s ]
INFO: [ app_end ] --START--
INFO: Run Behavior\ShowPageTraceBehavior [ RunTime:0.000976s ]
INFO: [ app_end ] --END-- [ RunTime:0.000976s ]

[ 2017-05-01T10:26:19+08:00 ] ::1 /goforword/index.php?c=check&a=check
INFO: [ app_init ] --START--
INFO: Run Behavior\BuildLiteBehavior [ RunTime:0.000977s ]
INFO: [ app_init ] --END-- [ RunTime:0.000977s ]
INFO: [ app_begin ] --START--
INFO: Run Behavior\ReadHtmlCacheBehavior [ RunTime:0.000977s ]
INFO: [ app_begin ] --END-- [ RunTime:0.000977s ]
NOTIC: [2048] Declaration of Home\Model\CheckModel::check() should be compatible with Think\Model::check($value, $rule, $type = 'regex') C:\wamp\www\goforword\Application\Home\Model\CheckModel.class.php 第 4 行.
SQL: SHOW COLUMNS FROM `price` [ RunTime:0.0029s ]
SQL: SELECT * FROM `price` WHERE `native` = '中文' AND `goal` = '韩语'  [ RunTime:0.0000s ]
INFO: [ app_end ] --START--
INFO: Run Behavior\ShowPageTraceBehavior [ RunTime:0.000000s ]
INFO: [ app_end ] --END-- [ RunTime:0.000977s ]

[ 2017-05-01T10:26:19+08:00 ] ::1 /goforword/index.php?c=check&a=native
INFO: [ app_init ] --START--
INFO: Run Behavior\BuildLiteBehavior [ RunTime:0.000000s ]
INFO: [ app_init ] --END-- [ RunTime:0.000976s ]
INFO: [ app_begin ] --START--
INFO: Run Behavior\ReadHtmlCacheBehavior [ RunTime:0.000977s ]
INFO: [ app_begin ] --END-- [ RunTime:0.000977s ]
NOTIC: [2048] Declaration of Home\Model\CheckModel::check() should be compatible with Think\Model::check($value, $rule, $type = 'regex') C:\wamp\www\goforword\Application\Home\Model\CheckModel.class.php 第 4 行.
SQL: SHOW COLUMNS FROM `price` [ RunTime:0.0039s ]
SQL: SELECT * FROM `price` WHERE `native` = '中文'  [ RunTime:0.0000s ]
INFO: [ app_end ] --START--
INFO: Run Behavior\ShowPageTraceBehavior [ RunTime:0.000976s ]
INFO: [ app_end ] --END-- [ RunTime:0.000976s ]

[ 2017-05-01T10:26:36+08:00 ] ::1 /goforword/index.php?c=check&a=check
INFO: [ app_init ] --START--
INFO: Run Behavior\BuildLiteBehavior [ RunTime:0.000000s ]
INFO: [ app_init ] --END-- [ RunTime:0.001953s ]
INFO: [ app_begin ] --START--
INFO: Run Behavior\ReadHtmlCacheBehavior [ RunTime:0.000977s ]
INFO: [ app_begin ] --END-- [ RunTime:0.001954s ]
NOTIC: [2048] Declaration of Home\Model\CheckModel::check() should be compatible with Think\Model::check($value, $rule, $type = 'regex') C:\wamp\www\goforword\Application\Home\Model\CheckModel.class.php 第 4 行.
SQL: SHOW COLUMNS FROM `price` [ RunTime:0.0039s ]
SQL: SELECT * FROM `price` WHERE `native` = '中文' AND `goal` = '日语'  [ RunTime:0.0010s ]
INFO: [ app_end ] --START--
INFO: Run Behavior\ShowPageTraceBehavior [ RunTime:0.000977s ]
INFO: [ app_end ] --END-- [ RunTime:0.000977s ]

[ 2017-05-01T10:26:37+08:00 ] ::1 /goforword/index.php?c=check&a=check
INFO: [ app_init ] --START--
INFO: Run Behavior\BuildLiteBehavior [ RunTime:0.000000s ]
INFO: [ app_init ] --END-- [ RunTime:0.000976s ]
INFO: [ app_begin ] --START--
INFO: Run Behavior\ReadHtmlCacheBehavior [ RunTime:0.000977s ]
INFO: [ app_begin ] --END-- [ RunTime:0.000977s ]
NOTIC: [2048] Declaration of Home\Model\CheckModel::check() should be compatible with Think\Model::check($value, $rule, $type = 'regex') C:\wamp\www\goforword\Application\Home\Model\CheckModel.class.php 第 4 行.
SQL: SHOW COLUMNS FROM `price` [ RunTime:0.0029s ]
SQL: SELECT * FROM `price` WHERE `native` = '中文' AND `goal` = '英语'  [ RunTime:0.0010s ]
INFO: [ app_end ] --START--
INFO: Run Behavior\ShowPageTraceBehavior [ RunTime:0.000977s ]
INFO: [ app_end ] --END-- [ RunTime:0.000977s ]

[ 2017-05-01T10:26:44+08:00 ] ::1 /goforword/index.php?c=check&a=check
INFO: [ app_init ] --START--
INFO: Run Behavior\BuildLiteBehavior [ RunTime:0.000000s ]
INFO: [ app_init ] --END-- [ RunTime:0.000976s ]
INFO: [ app_begin ] --START--
INFO: Run Behavior\ReadHtmlCacheBehavior [ RunTime:0.000977s ]
INFO: [ app_begin ] --END-- [ RunTime:0.000977s ]
NOTIC: [2048] Declaration of Home\Model\CheckModel::check() should be compatible with Think\Model::check($value, $rule, $type = 'regex') C:\wamp\www\goforword\Application\Home\Model\CheckModel.class.php 第 4 行.
SQL: SHOW COLUMNS FROM `price` [ RunTime:0.0029s ]
SQL: SELECT * FROM `price` WHERE `native` = '英语' AND `goal` = '英语'  [ RunTime:0.0010s ]
NOTIC: [8] Undefined offset: 0 C:\wamp\www\goforword\Application\Home\Controller\CheckController.class.php 第 22 行.
NOTIC: [8] Undefined offset: 0 C:\wamp\www\goforword\Application\Home\Controller\CheckController.class.php 第 23 行.
INFO: [ app_end ] --START--
INFO: Run Behavior\ShowPageTraceBehavior [ RunTime:0.000976s ]
INFO: [ app_end ] --END-- [ RunTime:0.000976s ]

[ 2017-05-01T10:26:44+08:00 ] ::1 /goforword/index.php?c=check&a=native
INFO: [ app_init ] --START--
INFO: Run Behavior\BuildLiteBehavior [ RunTime:0.000000s ]
INFO: [ app_init ] --END-- [ RunTime:0.002930s ]
INFO: [ app_begin ] --START--
INFO: Run Behavior\ReadHtmlCacheBehavior [ RunTime:0.000977s ]
INFO: [ app_begin ] --END-- [ RunTime:0.000977s ]
NOTIC: [2048] Declaration of Home\Model\CheckModel::check() should be compatible with Think\Model::check($value, $rule, $type = 'regex') C:\wamp\www\goforword\Application\Home\Model\CheckModel.class.php 第 4 行.
SQL: SHOW COLUMNS FROM `price` [ RunTime:0.0029s ]
SQL: SELECT * FROM `price` WHERE `native` = '英语'  [ RunTime:0.0010s ]
INFO: [ app_end ] --START--
INFO: Run Behavior\ShowPageTraceBehavior [ RunTime:0.000977s ]
INFO: [ app_end ] --END-- [ RunTime:0.000977s ]

[ 2017-05-01T10:26:51+08:00 ] ::1 /goforword/index.php?c=check&a=check
INFO: [ app_init ] --START--
INFO: Run Behavior\BuildLiteBehavior [ RunTime:0.000977s ]
INFO: [ app_init ] --END-- [ RunTime:0.000977s ]
INFO: [ app_begin ] --START--
INFO: Run Behavior\ReadHtmlCacheBehavior [ RunTime:0.000976s ]
INFO: [ app_begin ] --END-- [ RunTime:0.000976s ]
NOTIC: [2048] Declaration of Home\Model\CheckModel::check() should be compatible with Think\Model::check($value, $rule, $type = 'regex') C:\wamp\www\goforword\Application\Home\Model\CheckModel.class.php 第 4 行.
SQL: SHOW COLUMNS FROM `price` [ RunTime:0.0039s ]
SQL: SELECT * FROM `price` WHERE `native` = '英语' AND `goal` = '日语'  [ RunTime:0.0000s ]
INFO: [ app_end ] --START--
INFO: Run Behavior\ShowPageTraceBehavior [ RunTime:0.000977s ]
INFO: [ app_end ] --END-- [ RunTime:0.000977s ]

[ 2017-05-01T10:26:54+08:00 ] ::1 /goforword/index.php?c=check&a=check
INFO: [ app_init ] --START--
INFO: Run Behavior\BuildLiteBehavior [ RunTime:0.000000s ]
INFO: [ app_init ] --END-- [ RunTime:0.000977s ]
INFO: [ app_begin ] --START--
INFO: Run Behavior\ReadHtmlCacheBehavior [ RunTime:0.000977s ]
INFO: [ app_begin ] --END-- [ RunTime:0.000977s ]
NOTIC: [2048] Declaration of Home\Model\CheckModel::check() should be compatible with Think\Model::check($value, $rule, $type = 'regex') C:\wamp\www\goforword\Application\Home\Model\CheckModel.class.php 第 4 行.
SQL: SHOW COLUMNS FROM `price` [ RunTime:0.0029s ]
SQL: SELECT * FROM `price` WHERE `native` = '英语' AND `goal` = '中文'  [ RunTime:0.0010s ]
INFO: [ app_end ] --START--
INFO: Run Behavior\ShowPageTraceBehavior [ RunTime:0.000977s ]
INFO: [ app_end ] --END-- [ RunTime:0.000977s ]

[ 2017-05-01T10:26:57+08:00 ] ::1 /goforword/index.php?c=check&a=native
INFO: [ app_init ] --START--
INFO: Run Behavior\BuildLiteBehavior [ RunTime:0.000000s ]
INFO: [ app_init ] --END-- [ RunTime:0.000977s ]
INFO: [ app_begin ] --START--
INFO: Run Behavior\ReadHtmlCacheBehavior [ RunTime:0.000977s ]
INFO: [ app_begin ] --END-- [ RunTime:0.000977s ]
NOTIC: [2048] Declaration of Home\Model\CheckModel::check() should be compatible with Think\Model::check($value, $rule, $type = 'regex') C:\wamp\www\goforword\Application\Home\Model\CheckModel.class.php 第 4 行.
SQL: SHOW COLUMNS FROM `price` [ RunTime:0.0029s ]
SQL: SELECT * FROM `price` WHERE `native` = '中文'  [ RunTime:0.0000s ]
INFO: [ app_end ] --START--
INFO: Run Behavior\ShowPageTraceBehavior [ RunTime:0.000977s ]
INFO: [ app_end ] --END-- [ RunTime:0.001954s ]

[ 2017-05-01T10:26:57+08:00 ] ::1 /goforword/index.php?c=check&a=check
INFO: [ app_init ] --START--
INFO: Run Behavior\BuildLiteBehavior [ RunTime:0.000000s ]
INFO: [ app_init ] --END-- [ RunTime:0.000976s ]
INFO: [ app_begin ] --START--
INFO: Run Behavior\ReadHtmlCacheBehavior [ RunTime:0.000000s ]
INFO: [ app_begin ] --END-- [ RunTime:0.001953s ]
NOTIC: [2048] Declaration of Home\Model\CheckModel::check() should be compatible with Think\Model::check($value, $rule, $type = 'regex') C:\wamp\www\goforword\Application\Home\Model\CheckModel.class.php 第 4 行.
SQL: SHOW COLUMNS FROM `price` [ RunTime:0.0029s ]
SQL: SELECT * FROM `price` WHERE `native` = '中文' AND `goal` = '中文'  [ RunTime:0.0010s ]
NOTIC: [8] Undefined offset: 0 C:\wamp\www\goforword\Application\Home\Controller\CheckController.class.php 第 22 行.
NOTIC: [8] Undefined offset: 0 C:\wamp\www\goforword\Application\Home\Controller\CheckController.class.php 第 23 行.
INFO: [ app_end ] --START--
INFO: Run Behavior\ShowPageTraceBehavior [ RunTime:0.000976s ]
INFO: [ app_end ] --END-- [ RunTime:0.000976s ]

[ 2017-05-01T10:29:18+08:00 ] ::1 /goforword/
INFO: [ app_init ] --START--
INFO: Run Behavior\BuildLiteBehavior [ RunTime:0.000000s ]
INFO: [ app_init ] --END-- [ RunTime:0.000977s ]
INFO: [ app_begin ] --START--
INFO: Run Behavior\ReadHtmlCacheBehavior [ RunTime:0.000976s ]
INFO: [ app_begin ] --END-- [ RunTime:0.000976s ]
NOTIC: [2048] Declaration of Home\Controller\IndexController::error() should be compatible with Think\Controller::error($message = '', $jumpUrl = '', $ajax = false) C:\wamp\www\goforword\Application\Home\Controller\IndexController.class.php 第 64 行.
INFO: [ view_parse ] --START--
INFO: [ template_filter ] --START--
INFO: Run Behavior\ContentReplaceBehavior [ RunTime:0.000977s ]
INFO: [ template_filter ] --END-- [ RunTime:0.000977s ]
INFO: Run Behavior\ParseTemplateBehavior [ RunTime:0.019531s ]
INFO: [ view_parse ] --END-- [ RunTime:0.019531s ]
INFO: [ view_filter ] --START--
INFO: Run Behavior\WriteHtmlCacheBehavior [ RunTime:0.000977s ]
INFO: [ view_filter ] --END-- [ RunTime:0.000977s ]
INFO: [ app_end ] --START--
INFO: Run Behavior\ShowPageTraceBehavior [ RunTime:0.000977s ]
INFO: [ app_end ] --END-- [ RunTime:0.001953s ]

[ 2017-05-01T10:29:45+08:00 ] ::1 /goforword/
INFO: [ app_init ] --START--
INFO: Run Behavior\BuildLiteBehavior [ RunTime:0.000000s ]
INFO: [ app_init ] --END-- [ RunTime:0.000977s ]
INFO: [ app_begin ] --START--
INFO: Run Behavior\ReadHtmlCacheBehavior [ RunTime:0.000977s ]
INFO: [ app_begin ] --END-- [ RunTime:0.000977s ]
NOTIC: [2048] Declaration of Home\Controller\IndexController::error() should be compatible with Think\Controller::error($message = '', $jumpUrl = '', $ajax = false) C:\wamp\www\goforword\Application\Home\Controller\IndexController.class.php 第 64 行.
INFO: [ view_parse ] --START--
INFO: [ template_filter ] --START--
INFO: Run Behavior\ContentReplaceBehavior [ RunTime:0.000000s ]
INFO: [ template_filter ] --END-- [ RunTime:0.000977s ]
INFO: Run Behavior\ParseTemplateBehavior [ RunTime:0.018554s ]
INFO: [ view_parse ] --END-- [ RunTime:0.018554s ]
INFO: [ view_filter ] --START--
INFO: Run Behavior\WriteHtmlCacheBehavior [ RunTime:0.000000s ]
INFO: [ view_filter ] --END-- [ RunTime:0.000976s ]
INFO: [ app_end ] --START--
INFO: Run Behavior\ShowPageTraceBehavior [ RunTime:0.001954s ]
INFO: [ app_end ] --END-- [ RunTime:0.001954s ]

[ 2017-05-01T10:29:53+08:00 ] ::1 /goforword/index.php?c=check&a=native
INFO: [ app_init ] --START--
INFO: Run Behavior\BuildLiteBehavior [ RunTime:0.000000s ]
INFO: [ app_init ] --END-- [ RunTime:0.000977s ]
INFO: [ app_begin ] --START--
INFO: Run Behavior\ReadHtmlCacheBehavior [ RunTime:0.000977s ]
INFO: [ app_begin ] --END-- [ RunTime:0.000977s ]
NOTIC: [2048] Declaration of Home\Model\CheckModel::check() should be compatible with Think\Model::check($value, $rule, $type = 'regex') C:\wamp\www\goforword\Application\Home\Model\CheckModel.class.php 第 4 行.
SQL: SHOW COLUMNS FROM `price` [ RunTime:0.0039s ]
SQL: SELECT * FROM `price` WHERE `native` = '英语'  [ RunTime:0.0000s ]
INFO: [ app_end ] --START--
INFO: Run Behavior\ShowPageTraceBehavior [ RunTime:0.000977s ]
INFO: [ app_end ] --END-- [ RunTime:0.000977s ]

[ 2017-05-01T10:29:55+08:00 ] ::1 /goforword/index.php?c=check&a=check
INFO: [ app_init ] --START--
INFO: Run Behavior\BuildLiteBehavior [ RunTime:0.000000s ]
INFO: [ app_init ] --END-- [ RunTime:0.000000s ]
INFO: [ app_begin ] --START--
INFO: Run Behavior\ReadHtmlCacheBehavior [ RunTime:0.000977s ]
INFO: [ app_begin ] --END-- [ RunTime:0.000977s ]
NOTIC: [2048] Declaration of Home\Model\CheckModel::check() should be compatible with Think\Model::check($value, $rule, $type = 'regex') C:\wamp\www\goforword\Application\Home\Model\CheckModel.class.php 第 4 行.
SQL: SHOW COLUMNS FROM `price` [ RunTime:0.0029s ]
SQL: SELECT * FROM `price` WHERE `native` = '英语' AND `goal` = '日语'  [ RunTime:0.0000s ]
INFO: [ app_end ] --START--
INFO: Run Behavior\ShowPageTraceBehavior [ RunTime:0.000000s ]
INFO: [ app_end ] --END-- [ RunTime:0.001954s ]

[ 2017-05-01T10:30:15+08:00 ] ::1 /goforword/
INFO: [ app_init ] --START--
INFO: Run Behavior\BuildLiteBehavior [ RunTime:0.000000s ]
INFO: [ app_init ] --END-- [ RunTime:0.000977s ]
INFO: [ app_begin ] --START--
INFO: Run Behavior\ReadHtmlCacheBehavior [ RunTime:0.000977s ]
INFO: [ app_begin ] --END-- [ RunTime:0.000977s ]
NOTIC: [2048] Declaration of Home\Controller\IndexController::error() should be compatible with Think\Controller::error($message = '', $jumpUrl = '', $ajax = false) C:\wamp\www\goforword\Application\Home\Controller\IndexController.class.php 第 64 行.
INFO: [ view_parse ] --START--
INFO: [ template_filter ] --START--
INFO: Run Behavior\ContentReplaceBehavior [ RunTime:0.000977s ]
INFO: [ template_filter ] --END-- [ RunTime:0.000977s ]
INFO: Run Behavior\ParseTemplateBehavior [ RunTime:0.023437s ]
INFO: [ view_parse ] --END-- [ RunTime:0.023437s ]
INFO: [ view_filter ] --START--
INFO: Run Behavior\WriteHtmlCacheBehavior [ RunTime:0.000976s ]
INFO: [ view_filter ] --END-- [ RunTime:0.000976s ]
INFO: [ app_end ] --START--
INFO: Run Behavior\ShowPageTraceBehavior [ RunTime:0.000976s ]
INFO: [ app_end ] --END-- [ RunTime:0.001953s ]

[ 2017-05-01T10:30:23+08:00 ] ::1 /goforword/index.php?c=check&a=check
INFO: [ app_init ] --START--
INFO: Run Behavior\BuildLiteBehavior [ RunTime:0.000000s ]
INFO: [ app_init ] --END-- [ RunTime:0.000000s ]
INFO: [ app_begin ] --START--
INFO: Run Behavior\ReadHtmlCacheBehavior [ RunTime:0.000976s ]
INFO: [ app_begin ] --END-- [ RunTime:0.000976s ]
NOTIC: [8] Undefined index: target3 C:\wamp\www\goforword\Application\Home\Controller\CheckController.class.php 第 9 行.
NOTIC: [8] Undefined index: target3 C:\wamp\www\goforword\Application\Home\Controller\CheckController.class.php 第 12 行.
NOTIC: [2048] Declaration of Home\Model\CheckModel::check() should be compatible with Think\Model::check($value, $rule, $type = 'regex') C:\wamp\www\goforword\Application\Home\Model\CheckModel.class.php 第 4 行.
SQL: SHOW COLUMNS FROM `price` [ RunTime:0.0029s ]
SQL: SELECT * FROM `price` WHERE `native` = '英语' AND `goal` = null  [ RunTime:0.0000s ]
NOTIC: [8] Undefined offset: 0 C:\wamp\www\goforword\Application\Home\Controller\CheckController.class.php 第 22 行.
NOTIC: [8] Undefined offset: 0 C:\wamp\www\goforword\Application\Home\Controller\CheckController.class.php 第 23 行.
INFO: [ app_end ] --START--
INFO: Run Behavior\ShowPageTraceBehavior [ RunTime:0.000976s ]
INFO: [ app_end ] --END-- [ RunTime:0.000976s ]

[ 2017-05-01T10:30:23+08:00 ] ::1 /goforword/index.php?c=check&a=native
INFO: [ app_init ] --START--
INFO: Run Behavior\BuildLiteBehavior [ RunTime:0.000000s ]
INFO: [ app_init ] --END-- [ RunTime:0.000976s ]
INFO: [ app_begin ] --START--
INFO: Run Behavior\ReadHtmlCacheBehavior [ RunTime:0.000976s ]
INFO: [ app_begin ] --END-- [ RunTime:0.000976s ]
NOTIC: [2048] Declaration of Home\Model\CheckModel::check() should be compatible with Think\Model::check($value, $rule, $type = 'regex') C:\wamp\www\goforword\Application\Home\Model\CheckModel.class.php 第 4 行.
SQL: SHOW COLUMNS FROM `price` [ RunTime:0.0029s ]
SQL: SELECT * FROM `price` WHERE `native` = '英语'  [ RunTime:0.0000s ]
INFO: [ app_end ] --START--
INFO: Run Behavior\ShowPageTraceBehavior [ RunTime:0.000977s ]
INFO: [ app_end ] --END-- [ RunTime:0.000977s ]

[ 2017-05-01T10:30:29+08:00 ] ::1 /goforword/index.php?c=check&a=check
INFO: [ app_init ] --START--
INFO: Run Behavior\BuildLiteBehavior [ RunTime:0.000000s ]
INFO: [ app_init ] --END-- [ RunTime:0.000000s ]
INFO: [ app_begin ] --START--
INFO: Run Behavior\ReadHtmlCacheBehavior [ RunTime:0.000976s ]
INFO: [ app_begin ] --END-- [ RunTime:0.000976s ]
NOTIC: [2048] Declaration of Home\Model\CheckModel::check() should be compatible with Think\Model::check($value, $rule, $type = 'regex') C:\wamp\www\goforword\Application\Home\Model\CheckModel.class.php 第 4 行.
SQL: SHOW COLUMNS FROM `price` [ RunTime:0.0029s ]
SQL: SELECT * FROM `price` WHERE `native` = '英语' AND `goal` = '日语'  [ RunTime:0.0010s ]
INFO: [ app_end ] --START--
INFO: Run Behavior\ShowPageTraceBehavior [ RunTime:0.000977s ]
INFO: [ app_end ] --END-- [ RunTime:0.000977s ]

[ 2017-05-01T10:30:32+08:00 ] ::1 /goforword/index.php?c=check&a=native
INFO: [ app_init ] --START--
INFO: Run Behavior\BuildLiteBehavior [ RunTime:0.000000s ]
INFO: [ app_init ] --END-- [ RunTime:0.000977s ]
INFO: [ app_begin ] --START--
INFO: Run Behavior\ReadHtmlCacheBehavior [ RunTime:0.000977s ]
INFO: [ app_begin ] --END-- [ RunTime:0.000977s ]
NOTIC: [2048] Declaration of Home\Model\CheckModel::check() should be compatible with Think\Model::check($value, $rule, $type = 'regex') C:\wamp\www\goforword\Application\Home\Model\CheckModel.class.php 第 4 行.
SQL: SHOW COLUMNS FROM `price` [ RunTime:0.0029s ]
SQL: SELECT * FROM `price` WHERE `native` = '韩语'  [ RunTime:0.0000s ]
INFO: [ app_end ] --START--
INFO: Run Behavior\ShowPageTraceBehavior [ RunTime:0.000000s ]
INFO: [ app_end ] --END-- [ RunTime:0.000976s ]

[ 2017-05-01T10:30:32+08:00 ] ::1 /goforword/index.php?c=check&a=check
INFO: [ app_init ] --START--
INFO: Run Behavior\BuildLiteBehavior [ RunTime:0.000977s ]
INFO: [ app_init ] --END-- [ RunTime:0.000977s ]
INFO: [ app_begin ] --START--
INFO: Run Behavior\ReadHtmlCacheBehavior [ RunTime:0.000977s ]
INFO: [ app_begin ] --END-- [ RunTime:0.000977s ]
NOTIC: [8] Undefined index: target3 C:\wamp\www\goforword\Application\Home\Controller\CheckController.class.php 第 9 行.
NOTIC: [8] Undefined index: target3 C:\wamp\www\goforword\Application\Home\Controller\CheckController.class.php 第 12 行.
NOTIC: [2048] Declaration of Home\Model\CheckModel::check() should be compatible with Think\Model::check($value, $rule, $type = 'regex') C:\wamp\www\goforword\Application\Home\Model\CheckModel.class.php 第 4 行.
SQL: SHOW COLUMNS FROM `price` [ RunTime:0.0029s ]
SQL: SELECT * FROM `price` WHERE `native` = '韩语' AND `goal` = null  [ RunTime:0.0010s ]
NOTIC: [8] Undefined offset: 0 C:\wamp\www\goforword\Application\Home\Controller\CheckController.class.php 第 22 行.
NOTIC: [8] Undefined offset: 0 C:\wamp\www\goforword\Application\Home\Controller\CheckController.class.php 第 23 行.
INFO: [ app_end ] --START--
INFO: Run Behavior\ShowPageTraceBehavior [ RunTime:0.000977s ]
INFO: [ app_end ] --END-- [ RunTime:0.000977s ]

[ 2017-05-01T10:30:35+08:00 ] ::1 /goforword/index.php?c=check&a=native
INFO: [ app_init ] --START--
INFO: Run Behavior\BuildLiteBehavior [ RunTime:0.000976s ]
INFO: [ app_init ] --END-- [ RunTime:0.000976s ]
INFO: [ app_begin ] --START--
INFO: Run Behavior\ReadHtmlCacheBehavior [ RunTime:0.000977s ]
INFO: [ app_begin ] --END-- [ RunTime:0.000977s ]
NOTIC: [2048] Declaration of Home\Model\CheckModel::check() should be compatible with Think\Model::check($value, $rule, $type = 'regex') C:\wamp\www\goforword\Application\Home\Model\CheckModel.class.php 第 4 行.
SQL: SHOW COLUMNS FROM `price` [ RunTime:0.0029s ]
SQL: SELECT * FROM `price` WHERE `native` = '法语'  [ RunTime:0.0010s ]
INFO: [ app_end ] --START--
INFO: Run Behavior\ShowPageTraceBehavior [ RunTime:0.000976s ]
INFO: [ app_end ] --END-- [ RunTime:0.000976s ]

[ 2017-05-01T10:30:35+08:00 ] ::1 /goforword/index.php?c=check&a=check
INFO: [ app_init ] --START--
INFO: Run Behavior\BuildLiteBehavior [ RunTime:0.000000s ]
INFO: [ app_init ] --END-- [ RunTime:0.000976s ]
INFO: [ app_begin ] --START--
INFO: Run Behavior\ReadHtmlCacheBehavior [ RunTime:0.000976s ]
INFO: [ app_begin ] --END-- [ RunTime:0.001953s ]
NOTIC: [8] Undefined index: target3 C:\wamp\www\goforword\Application\Home\Controller\CheckController.class.php 第 9 行.
NOTIC: [8] Undefined index: target3 C:\wamp\www\goforword\Application\Home\Controller\CheckController.class.php 第 12 行.
NOTIC: [2048] Declaration of Home\Model\CheckModel::check() should be compatible with Think\Model::check($value, $rule, $type = 'regex') C:\wamp\www\goforword\Application\Home\Model\CheckModel.class.php 第 4 行.
SQL: SHOW COLUMNS FROM `price` [ RunTime:0.0029s ]
SQL: SELECT * FROM `price` WHERE `native` = '法语' AND `goal` = null  [ RunTime:0.0000s ]
NOTIC: [8] Undefined offset: 0 C:\wamp\www\goforword\Application\Home\Controller\CheckController.class.php 第 22 行.
NOTIC: [8] Undefined offset: 0 C:\wamp\www\goforword\Application\Home\Controller\CheckController.class.php 第 23 行.
INFO: [ app_end ] --START--
INFO: Run Behavior\ShowPageTraceBehavior [ RunTime:0.000977s ]
INFO: [ app_end ] --END-- [ RunTime:0.000977s ]

[ 2017-05-01T10:30:39+08:00 ] ::1 /goforword/index.php?c=check&a=native
INFO: [ app_init ] --START--
INFO: Run Behavior\BuildLiteBehavior [ RunTime:0.000000s ]
INFO: [ app_init ] --END-- [ RunTime:0.000976s ]
INFO: [ app_begin ] --START--
INFO: Run Behavior\ReadHtmlCacheBehavior [ RunTime:0.000977s ]
INFO: [ app_begin ] --END-- [ RunTime:0.000977s ]
NOTIC: [2048] Declaration of Home\Model\CheckModel::check() should be compatible with Think\Model::check($value, $rule, $type = 'regex') C:\wamp\www\goforword\Application\Home\Model\CheckModel.class.php 第 4 行.
SQL: SHOW COLUMNS FROM `price` [ RunTime:0.0059s ]
SQL: SELECT * FROM `price` WHERE `native` = '俄语'  [ RunTime:0.0000s ]
INFO: [ app_end ] --START--
INFO: Run Behavior\ShowPageTraceBehavior [ RunTime:0.000000s ]
INFO: [ app_end ] --END-- [ RunTime:0.001953s ]

[ 2017-05-01T10:30:39+08:00 ] ::1 /goforword/index.php?c=check&a=check
INFO: [ app_init ] --START--
INFO: Run Behavior\BuildLiteBehavior [ RunTime:0.000977s ]
INFO: [ app_init ] --END-- [ RunTime:0.000977s ]
INFO: [ app_begin ] --START--
INFO: Run Behavior\ReadHtmlCacheBehavior [ RunTime:0.000976s ]
INFO: [ app_begin ] --END-- [ RunTime:0.001953s ]
NOTIC: [8] Undefined index: target3 C:\wamp\www\goforword\Application\Home\Controller\CheckController.class.php 第 9 行.
NOTIC: [8] Undefined index: target3 C:\wamp\www\goforword\Application\Home\Controller\CheckController.class.php 第 12 行.
NOTIC: [2048] Declaration of Home\Model\CheckModel::check() should be compatible with Think\Model::check($value, $rule, $type = 'regex') C:\wamp\www\goforword\Application\Home\Model\CheckModel.class.php 第 4 行.
SQL: SHOW COLUMNS FROM `price` [ RunTime:0.0039s ]
SQL: SELECT * FROM `price` WHERE `native` = '俄语' AND `goal` = null  [ RunTime:0.0000s ]
NOTIC: [8] Undefined offset: 0 C:\wamp\www\goforword\Application\Home\Controller\CheckController.class.php 第 22 行.
NOTIC: [8] Undefined offset: 0 C:\wamp\www\goforword\Application\Home\Controller\CheckController.class.php 第 23 行.
INFO: [ app_end ] --START--
INFO: Run Behavior\ShowPageTraceBehavior [ RunTime:0.000977s ]
INFO: [ app_end ] --END-- [ RunTime:0.000977s ]

[ 2017-05-01T10:31:22+08:00 ] ::1 /goforword/
INFO: [ app_init ] --START--
INFO: Run Behavior\BuildLiteBehavior [ RunTime:0.000000s ]
INFO: [ app_init ] --END-- [ RunTime:0.000000s ]
INFO: [ app_begin ] --START--
INFO: Run Behavior\ReadHtmlCacheBehavior [ RunTime:0.000977s ]
INFO: [ app_begin ] --END-- [ RunTime:0.000977s ]
NOTIC: [2048] Declaration of Home\Controller\IndexController::error() should be compatible with Think\Controller::error($message = '', $jumpUrl = '', $ajax = false) C:\wamp\www\goforword\Application\Home\Controller\IndexController.class.php 第 64 行.
INFO: [ view_parse ] --START--
INFO: [ template_filter ] --START--
INFO: Run Behavior\ContentReplaceBehavior [ RunTime:0.000000s ]
INFO: [ template_filter ] --END-- [ RunTime:0.000976s ]
INFO: Run Behavior\ParseTemplateBehavior [ RunTime:0.022460s ]
INFO: [ view_parse ] --END-- [ RunTime:0.023437s ]
INFO: [ view_filter ] --START--
INFO: Run Behavior\WriteHtmlCacheBehavior [ RunTime:0.001953s ]
INFO: [ view_filter ] --END-- [ RunTime:0.001953s ]
INFO: [ app_end ] --START--
INFO: Run Behavior\ShowPageTraceBehavior [ RunTime:0.000976s ]
INFO: [ app_end ] --END-- [ RunTime:0.000976s ]

[ 2017-05-01T10:31:31+08:00 ] ::1 /goforword/index.php?c=check&a=check
INFO: [ app_init ] --START--
INFO: Run Behavior\BuildLiteBehavior [ RunTime:0.000000s ]
INFO: [ app_init ] --END-- [ RunTime:0.000977s ]
INFO: [ app_begin ] --START--
INFO: Run Behavior\ReadHtmlCacheBehavior [ RunTime:0.001953s ]
INFO: [ app_begin ] --END-- [ RunTime:0.001953s ]
NOTIC: [8] Undefined index: target3 C:\wamp\www\goforword\Application\Home\Controller\CheckController.class.php 第 9 行.
NOTIC: [8] Undefined index: target3 C:\wamp\www\goforword\Application\Home\Controller\CheckController.class.php 第 12 行.
NOTIC: [2048] Declaration of Home\Model\CheckModel::check() should be compatible with Think\Model::check($value, $rule, $type = 'regex') C:\wamp\www\goforword\Application\Home\Model\CheckModel.class.php 第 4 行.
SQL: SHOW COLUMNS FROM `price` [ RunTime:0.0029s ]
SQL: SELECT * FROM `price` WHERE `native` = '英语' AND `goal` = null  [ RunTime:0.0000s ]
NOTIC: [8] Undefined offset: 0 C:\wamp\www\goforword\Application\Home\Controller\CheckController.class.php 第 22 行.
NOTIC: [8] Undefined offset: 0 C:\wamp\www\goforword\Application\Home\Controller\CheckController.class.php 第 23 行.
INFO: [ app_end ] --START--
INFO: Run Behavior\ShowPageTraceBehavior [ RunTime:0.000000s ]
INFO: [ app_end ] --END-- [ RunTime:0.000976s ]

[ 2017-05-01T10:31:31+08:00 ] ::1 /goforword/index.php?c=check&a=native
INFO: [ app_init ] --START--
INFO: Run Behavior\BuildLiteBehavior [ RunTime:0.000000s ]
INFO: [ app_init ] --END-- [ RunTime:0.000976s ]
INFO: [ app_begin ] --START--
INFO: Run Behavior\ReadHtmlCacheBehavior [ RunTime:0.001953s ]
INFO: [ app_begin ] --END-- [ RunTime:0.002929s ]
NOTIC: [2048] Declaration of Home\Model\CheckModel::check() should be compatible with Think\Model::check($value, $rule, $type = 'regex') C:\wamp\www\goforword\Application\Home\Model\CheckModel.class.php 第 4 行.
SQL: SHOW COLUMNS FROM `price` [ RunTime:0.0029s ]
SQL: SELECT * FROM `price` WHERE `native` = '英语'  [ RunTime:0.0000s ]
INFO: [ app_end ] --START--
INFO: Run Behavior\ShowPageTraceBehavior [ RunTime:0.000976s ]
INFO: [ app_end ] --END-- [ RunTime:0.000976s ]

[ 2017-05-01T10:31:36+08:00 ] ::1 /goforword/index.php?c=check&a=check
INFO: [ app_init ] --START--
INFO: Run Behavior\BuildLiteBehavior [ RunTime:0.000000s ]
INFO: [ app_init ] --END-- [ RunTime:0.000977s ]
INFO: [ app_begin ] --START--
INFO: Run Behavior\ReadHtmlCacheBehavior [ RunTime:0.000976s ]
INFO: [ app_begin ] --END-- [ RunTime:0.000976s ]
NOTIC: [2048] Declaration of Home\Model\CheckModel::check() should be compatible with Think\Model::check($value, $rule, $type = 'regex') C:\wamp\www\goforword\Application\Home\Model\CheckModel.class.php 第 4 行.
SQL: SHOW COLUMNS FROM `price` [ RunTime:0.0029s ]
SQL: SELECT * FROM `price` WHERE `native` = '英语' AND `goal` = '日语'  [ RunTime:0.0000s ]
INFO: [ app_end ] --START--
INFO: Run Behavior\ShowPageTraceBehavior [ RunTime:0.000976s ]
INFO: [ app_end ] --END-- [ RunTime:0.000976s ]

[ 2017-05-01T10:32:15+08:00 ] ::1 /goforword/
INFO: [ app_init ] --START--
INFO: Run Behavior\BuildLiteBehavior [ RunTime:0.000000s ]
INFO: [ app_init ] --END-- [ RunTime:0.000977s ]
INFO: [ app_begin ] --START--
INFO: Run Behavior\ReadHtmlCacheBehavior [ RunTime:0.000977s ]
INFO: [ app_begin ] --END-- [ RunTime:0.000977s ]
NOTIC: [2048] Declaration of Home\Controller\IndexController::error() should be compatible with Think\Controller::error($message = '', $jumpUrl = '', $ajax = false) C:\wamp\www\goforword\Application\Home\Controller\IndexController.class.php 第 64 行.
INFO: [ view_parse ] --START--
INFO: [ template_filter ] --START--
INFO: Run Behavior\ContentReplaceBehavior [ RunTime:0.000000s ]
INFO: [ template_filter ] --END-- [ RunTime:0.000976s ]
INFO: Run Behavior\ParseTemplateBehavior [ RunTime:0.018554s ]
INFO: [ view_parse ] --END-- [ RunTime:0.018554s ]
INFO: [ view_filter ] --START--
INFO: Run Behavior\WriteHtmlCacheBehavior [ RunTime:0.000000s ]
INFO: [ view_filter ] --END-- [ RunTime:0.000977s ]
INFO: [ app_end ] --START--
INFO: Run Behavior\ShowPageTraceBehavior [ RunTime:0.000977s ]
INFO: [ app_end ] --END-- [ RunTime:0.000977s ]

[ 2017-05-01T10:32:23+08:00 ] ::1 /goforword/index.php?c=check&a=native
INFO: [ app_init ] --START--
INFO: Run Behavior\BuildLiteBehavior [ RunTime:0.000000s ]
INFO: [ app_init ] --END-- [ RunTime:0.000977s ]
INFO: [ app_begin ] --START--
INFO: Run Behavior\ReadHtmlCacheBehavior [ RunTime:0.000977s ]
INFO: [ app_begin ] --END-- [ RunTime:0.000977s ]
NOTIC: [2048] Declaration of Home\Model\CheckModel::check() should be compatible with Think\Model::check($value, $rule, $type = 'regex') C:\wamp\www\goforword\Application\Home\Model\CheckModel.class.php 第 4 行.
SQL: SHOW COLUMNS FROM `price` [ RunTime:0.0029s ]
SQL: SELECT * FROM `price` WHERE `native` = '英语'  [ RunTime:0.0000s ]
INFO: [ app_end ] --START--
INFO: Run Behavior\ShowPageTraceBehavior [ RunTime:0.000977s ]
INFO: [ app_end ] --END-- [ RunTime:0.001953s ]

[ 2017-05-01T10:32:25+08:00 ] ::1 /goforword/index.php?c=check&a=check
INFO: [ app_init ] --START--
INFO: Run Behavior\BuildLiteBehavior [ RunTime:0.000000s ]
INFO: [ app_init ] --END-- [ RunTime:0.000000s ]
INFO: [ app_begin ] --START--
INFO: Run Behavior\ReadHtmlCacheBehavior [ RunTime:0.000977s ]
INFO: [ app_begin ] --END-- [ RunTime:0.000977s ]
NOTIC: [2048] Declaration of Home\Model\CheckModel::check() should be compatible with Think\Model::check($value, $rule, $type = 'regex') C:\wamp\www\goforword\Application\Home\Model\CheckModel.class.php 第 4 行.
SQL: SHOW COLUMNS FROM `price` [ RunTime:0.0029s ]
SQL: SELECT * FROM `price` WHERE `native` = '英语' AND `goal` = '日语'  [ RunTime:0.0000s ]
INFO: [ app_end ] --START--
INFO: Run Behavior\ShowPageTraceBehavior [ RunTime:0.000977s ]
INFO: [ app_end ] --END-- [ RunTime:0.001953s ]

[ 2017-05-01T10:32:28+08:00 ] ::1 /goforword/index.php?c=check&a=native
INFO: [ app_init ] --START--
INFO: Run Behavior\BuildLiteBehavior [ RunTime:0.000000s ]
INFO: [ app_init ] --END-- [ RunTime:0.000976s ]
INFO: [ app_begin ] --START--
INFO: Run Behavior\ReadHtmlCacheBehavior [ RunTime:0.000977s ]
INFO: [ app_begin ] --END-- [ RunTime:0.000977s ]
NOTIC: [2048] Declaration of Home\Model\CheckModel::check() should be compatible with Think\Model::check($value, $rule, $type = 'regex') C:\wamp\www\goforword\Application\Home\Model\CheckModel.class.php 第 4 行.
SQL: SHOW COLUMNS FROM `price` [ RunTime:0.0039s ]
SQL: SELECT * FROM `price` WHERE `native` = '德语'  [ RunTime:0.0000s ]
INFO: [ app_end ] --START--
INFO: Run Behavior\ShowPageTraceBehavior [ RunTime:0.000976s ]
INFO: [ app_end ] --END-- [ RunTime:0.000976s ]

[ 2017-05-01T10:32:30+08:00 ] ::1 /goforword/index.php?c=check&a=check
INFO: [ app_init ] --START--
INFO: Run Behavior\BuildLiteBehavior [ RunTime:0.000000s ]
INFO: [ app_init ] --END-- [ RunTime:0.000976s ]
INFO: [ app_begin ] --START--
INFO: Run Behavior\ReadHtmlCacheBehavior [ RunTime:0.000000s ]
INFO: [ app_begin ] --END-- [ RunTime:0.000976s ]
NOTIC: [2048] Declaration of Home\Model\CheckModel::check() should be compatible with Think\Model::check($value, $rule, $type = 'regex') C:\wamp\www\goforword\Application\Home\Model\CheckModel.class.php 第 4 行.
SQL: SHOW COLUMNS FROM `price` [ RunTime:0.0029s ]
SQL: SELECT * FROM `price` WHERE `native` = '德语' AND `goal` = '中文'  [ RunTime:0.0010s ]
INFO: [ app_end ] --START--
INFO: Run Behavior\ShowPageTraceBehavior [ RunTime:0.000977s ]
INFO: [ app_end ] --END-- [ RunTime:0.000977s ]

