[ 2017-09-04T19:35:58+08:00 ] 127.0.0.1 /goforword/
INFO: [ app_init ] --START--
INFO: Run Behavior\BuildLiteBehavior [ RunTime:0.000021s ]
INFO: [ app_init ] --END-- [ RunTime:0.000915s ]
INFO: [ app_begin ] --START--
INFO: Run Behavior\ReadHtmlCacheBehavior [ RunTime:0.000491s ]
INFO: [ app_begin ] --END-- [ RunTime:0.000628s ]
NOTIC: [2048] Declaration of Home\Controller\IndexController::error() should be compatible with Think\Controller::error($message = '', $jumpUrl = '', $ajax = false) C:\xampp\htdocs\goforword\Application\Home\Controller\IndexController.class.php 第 64 行.
INFO: [ view_parse ] --START--
INFO: [ template_filter ] --START--
INFO: Run Behavior\ContentReplaceBehavior [ RunTime:0.000154s ]
INFO: [ template_filter ] --END-- [ RunTime:0.000267s ]
INFO: Run Behavior\ParseTemplateBehavior [ RunTime:0.027509s ]
INFO: [ view_parse ] --END-- [ RunTime:0.027665s ]
INFO: [ view_filter ] --START--
INFO: Run Behavior\WriteHtmlCacheBehavior [ RunTime:0.000390s ]
INFO: [ view_filter ] --END-- [ RunTime:0.000512s ]
INFO: [ app_end ] --START--
INFO: Run Behavior\ShowPageTraceBehavior [ RunTime:0.000861s ]
INFO: [ app_end ] --END-- [ RunTime:0.001052s ]

[ 2017-09-04T19:36:10+08:00 ] 127.0.0.1 /goforword/index.php?c=check&a=native
INFO: [ app_init ] --START--
INFO: Run Behavior\BuildLiteBehavior [ RunTime:0.000073s ]
INFO: [ app_init ] --END-- [ RunTime:0.000733s ]
INFO: [ app_begin ] --START--
INFO: Run Behavior\ReadHtmlCacheBehavior [ RunTime:0.000590s ]
INFO: [ app_begin ] --END-- [ RunTime:0.000924s ]
NOTIC: [2048] Declaration of Home\Model\CheckModel::check() should be compatible with Think\Model::check($value, $rule, $type = 'regex') C:\xampp\htdocs\goforword\Application\Home\Model\CheckModel.class.php 第 4 行.
ERR: SQLSTATE[HY000] [1049] Unknown database 'check'

[ 2017-09-04T19:36:14+08:00 ] 127.0.0.1 /goforword/index.php?c=check&a=native
INFO: [ app_init ] --START--
INFO: Run Behavior\BuildLiteBehavior [ RunTime:0.000043s ]
INFO: [ app_init ] --END-- [ RunTime:0.000673s ]
INFO: [ app_begin ] --START--
INFO: Run Behavior\ReadHtmlCacheBehavior [ RunTime:0.000583s ]
INFO: [ app_begin ] --END-- [ RunTime:0.000709s ]
NOTIC: [2048] Declaration of Home\Model\CheckModel::check() should be compatible with Think\Model::check($value, $rule, $type = 'regex') C:\xampp\htdocs\goforword\Application\Home\Model\CheckModel.class.php 第 4 行.
ERR: SQLSTATE[HY000] [1049] Unknown database 'check'

[ 2017-09-04T19:36:17+08:00 ] 127.0.0.1 /goforword/index.php?c=check&a=native
INFO: [ app_init ] --START--
INFO: Run Behavior\BuildLiteBehavior [ RunTime:0.000024s ]
INFO: [ app_init ] --END-- [ RunTime:0.000386s ]
INFO: [ app_begin ] --START--
INFO: Run Behavior\ReadHtmlCacheBehavior [ RunTime:0.000875s ]
INFO: [ app_begin ] --END-- [ RunTime:0.001095s ]
NOTIC: [2048] Declaration of Home\Model\CheckModel::check() should be compatible with Think\Model::check($value, $rule, $type = 'regex') C:\xampp\htdocs\goforword\Application\Home\Model\CheckModel.class.php 第 4 行.
ERR: SQLSTATE[HY000] [1049] Unknown database 'check'

