[ 2017-04-26T18:39:06+08:00 ] ::1 /thinkphpNews/admin.php?c=content
INFO: [ app_init ] --START--
INFO: Run Behavior\BuildLiteBehavior [ RunTime:0.000024s ]
INFO: [ app_init ] --END-- [ RunTime:0.000455s ]
INFO: [ app_begin ] --START--
INFO: Run Behavior\ReadHtmlCacheBehavior [ RunTime:0.000613s ]
INFO: [ app_begin ] --END-- [ RunTime:0.000720s ]
NOTIC: [8] Undefined index: title C:\wamp64\www\thinkphpNews\Application\Admin\Controller\ContentController.class.php 第 13 行.
NOTIC: [8] Undefined index: title C:\wamp64\www\thinkphpNews\Application\Admin\Controller\ContentController.class.php 第 18 行.
NOTIC: [8] Undefined index: catid C:\wamp64\www\thinkphpNews\Application\Admin\Controller\ContentController.class.php 第 22 行.
NOTIC: [8] Undefined index: p C:\wamp64\www\thinkphpNews\Application\Admin\Controller\ContentController.class.php 第 25 行.
NOTIC: [2048] Declaration of Common\Model\NewsModel::find() should be compatible with Think\Model::find($options = Array) C:\wamp64\www\thinkphpNews\Application\Common\Model\NewsModel.class.php 第 10 行.
SQL: SHOW COLUMNS FROM `cms_news` [ RunTime:0.0010s ]
SQL: SELECT * FROM `cms_news` WHERE `status` <> -1 ORDER BY listorder desc , news_id desc LIMIT 0,5   [ RunTime:0.0004s ]
SQL: SELECT COUNT(*) AS tp_count FROM `cms_news` WHERE `status` <> -1 LIMIT 1   [ RunTime:0.0002s ]
NOTIC: [8] Undefined index: catid C:\wamp64\www\thinkphpNews\Application\Admin\Controller\ContentController.class.php 第 30 行.
NOTIC: [2048] Declaration of Common\Model\PositionModel::find() should be compatible with Think\Model::find($options = Array) C:\wamp64\www\thinkphpNews\Application\Common\Model\PositionModel.class.php 第 86 行.
SQL: SHOW COLUMNS FROM `cms_position` [ RunTime:0.0006s ]
SQL: SELECT * FROM `cms_position` WHERE `status` = 1 ORDER BY id  [ RunTime:0.0003s ]
NOTIC: [2048] Declaration of Common\Model\MenuModel::find() should be compatible with Think\Model::find($options = Array) C:\wamp64\www\thinkphpNews\Application\Common\Model\MenuModel.class.php 第 87 行.
SQL: SHOW COLUMNS FROM `cms_menu` [ RunTime:0.0007s ]
SQL: SELECT * FROM `cms_menu` WHERE `status` = 1 AND `type` = 0 ORDER BY listorder desc , menu_id desc  [ RunTime:0.0005s ]
INFO: [ view_parse ] --START--
INFO: [ template_filter ] --START--
INFO: Run Behavior\ContentReplaceBehavior [ RunTime:0.000088s ]
INFO: [ template_filter ] --END-- [ RunTime:0.000210s ]
SQL: SELECT * FROM `cms_menu` WHERE `status` = 1 AND `type` = 1 ORDER BY listorder desc , menu_id desc  [ RunTime:0.0004s ]
NOTIC: [8] Undefined index: adminUser C:\wamp64\www\thinkphpNews\Application\Common\Common\function.php 第 66 行.
NOTIC: [8] Undefined index: adminUser C:\wamp64\www\thinkphpNews\Application\Common\Common\function.php 第 66 行.
NOTIC: [8] Undefined index: a C:\wamp64\www\thinkphpNews\Application\Common\Common\function.php 第 40 行.
NOTIC: [8] Undefined index: a C:\wamp64\www\thinkphpNews\Application\Common\Common\function.php 第 40 行.
NOTIC: [8] Undefined index: a C:\wamp64\www\thinkphpNews\Application\Common\Common\function.php 第 40 行.
NOTIC: [8] Undefined index: a C:\wamp64\www\thinkphpNews\Application\Common\Common\function.php 第 40 行.
NOTIC: [8] Undefined index: a C:\wamp64\www\thinkphpNews\Application\Common\Common\function.php 第 40 行.
NOTIC: [8] Undefined variable: title C:\wamp64\www\thinkphpNews\Application\Runtime\Cache\Admin\ccc9ced3ad798311a07cb47b740981c5.php 第 125 行.
INFO: Run Behavior\ParseTemplateBehavior [ RunTime:0.018870s ]
INFO: [ view_parse ] --END-- [ RunTime:0.018990s ]
INFO: [ view_filter ] --START--
INFO: Run Behavior\WriteHtmlCacheBehavior [ RunTime:0.000514s ]
INFO: [ view_filter ] --END-- [ RunTime:0.000599s ]
INFO: [ app_end ] --START--
INFO: Run Behavior\ShowPageTraceBehavior [ RunTime:0.000826s ]
INFO: [ app_end ] --END-- [ RunTime:0.000929s ]

[ 2017-04-26T18:50:06+08:00 ] ::1 /thinkphpNews/admin.php?m=Admin&c=Content&a=index&p=2
INFO: [ app_init ] --START--
INFO: Run Behavior\BuildLiteBehavior [ RunTime:0.000025s ]
INFO: [ app_init ] --END-- [ RunTime:0.000435s ]
INFO: [ app_begin ] --START--
INFO: Run Behavior\ReadHtmlCacheBehavior [ RunTime:0.000511s ]
INFO: [ app_begin ] --END-- [ RunTime:0.000606s ]
NOTIC: [8] Undefined index: title C:\wamp64\www\thinkphpNews\Application\Admin\Controller\ContentController.class.php 第 13 行.
NOTIC: [8] Undefined index: title C:\wamp64\www\thinkphpNews\Application\Admin\Controller\ContentController.class.php 第 18 行.
NOTIC: [8] Undefined index: catid C:\wamp64\www\thinkphpNews\Application\Admin\Controller\ContentController.class.php 第 22 行.
NOTIC: [2048] Declaration of Common\Model\NewsModel::find() should be compatible with Think\Model::find($options = Array) C:\wamp64\www\thinkphpNews\Application\Common\Model\NewsModel.class.php 第 10 行.
SQL: SHOW COLUMNS FROM `cms_news` [ RunTime:0.0010s ]
SQL: SELECT * FROM `cms_news` WHERE `status` <> -1 ORDER BY listorder desc , news_id desc LIMIT 5,5   [ RunTime:0.0004s ]
SQL: SELECT COUNT(*) AS tp_count FROM `cms_news` WHERE `status` <> -1 LIMIT 1   [ RunTime:0.0003s ]
NOTIC: [8] Undefined index: catid C:\wamp64\www\thinkphpNews\Application\Admin\Controller\ContentController.class.php 第 30 行.
NOTIC: [2048] Declaration of Common\Model\PositionModel::find() should be compatible with Think\Model::find($options = Array) C:\wamp64\www\thinkphpNews\Application\Common\Model\PositionModel.class.php 第 86 行.
SQL: SHOW COLUMNS FROM `cms_position` [ RunTime:0.0007s ]
SQL: SELECT * FROM `cms_position` WHERE `status` = 1 ORDER BY id  [ RunTime:0.0003s ]
NOTIC: [2048] Declaration of Common\Model\MenuModel::find() should be compatible with Think\Model::find($options = Array) C:\wamp64\www\thinkphpNews\Application\Common\Model\MenuModel.class.php 第 87 行.
SQL: SHOW COLUMNS FROM `cms_menu` [ RunTime:0.0006s ]
SQL: SELECT * FROM `cms_menu` WHERE `status` = 1 AND `type` = 0 ORDER BY listorder desc , menu_id desc  [ RunTime:0.0002s ]
INFO: [ view_parse ] --START--
INFO: [ template_filter ] --START--
INFO: Run Behavior\ContentReplaceBehavior [ RunTime:0.000141s ]
INFO: [ template_filter ] --END-- [ RunTime:0.000298s ]
SQL: SELECT * FROM `cms_menu` WHERE `status` = 1 AND `type` = 1 ORDER BY listorder desc , menu_id desc  [ RunTime:0.0004s ]
NOTIC: [8] Undefined index: adminUser C:\wamp64\www\thinkphpNews\Application\Common\Common\function.php 第 66 行.
NOTIC: [8] Undefined index: adminUser C:\wamp64\www\thinkphpNews\Application\Common\Common\function.php 第 66 行.
NOTIC: [8] Undefined index: a C:\wamp64\www\thinkphpNews\Application\Common\Common\function.php 第 40 行.
NOTIC: [8] Undefined index: a C:\wamp64\www\thinkphpNews\Application\Common\Common\function.php 第 40 行.
NOTIC: [8] Undefined index: a C:\wamp64\www\thinkphpNews\Application\Common\Common\function.php 第 40 行.
NOTIC: [8] Undefined index: a C:\wamp64\www\thinkphpNews\Application\Common\Common\function.php 第 40 行.
NOTIC: [8] Undefined index: a C:\wamp64\www\thinkphpNews\Application\Common\Common\function.php 第 40 行.
NOTIC: [8] Undefined variable: title C:\wamp64\www\thinkphpNews\Application\Runtime\Cache\Admin\ccc9ced3ad798311a07cb47b740981c5.php 第 125 行.
INFO: Run Behavior\ParseTemplateBehavior [ RunTime:0.016342s ]
INFO: [ view_parse ] --END-- [ RunTime:0.016438s ]
INFO: [ view_filter ] --START--
INFO: Run Behavior\WriteHtmlCacheBehavior [ RunTime:0.000571s ]
INFO: [ view_filter ] --END-- [ RunTime:0.000691s ]
INFO: [ app_end ] --START--
INFO: Run Behavior\ShowPageTraceBehavior [ RunTime:0.000615s ]
INFO: [ app_end ] --END-- [ RunTime:0.000748s ]

[ 2017-04-26T18:50:07+08:00 ] ::1 /thinkphpNews/admin.php?m=Admin&c=Content&a=index&p=1
INFO: [ app_init ] --START--
INFO: Run Behavior\BuildLiteBehavior [ RunTime:0.000022s ]
INFO: [ app_init ] --END-- [ RunTime:0.000441s ]
INFO: [ app_begin ] --START--
INFO: Run Behavior\ReadHtmlCacheBehavior [ RunTime:0.000599s ]
INFO: [ app_begin ] --END-- [ RunTime:0.000697s ]
NOTIC: [8] Undefined index: title C:\wamp64\www\thinkphpNews\Application\Admin\Controller\ContentController.class.php 第 13 行.
NOTIC: [8] Undefined index: title C:\wamp64\www\thinkphpNews\Application\Admin\Controller\ContentController.class.php 第 18 行.
NOTIC: [8] Undefined index: catid C:\wamp64\www\thinkphpNews\Application\Admin\Controller\ContentController.class.php 第 22 行.
NOTIC: [2048] Declaration of Common\Model\NewsModel::find() should be compatible with Think\Model::find($options = Array) C:\wamp64\www\thinkphpNews\Application\Common\Model\NewsModel.class.php 第 10 行.
SQL: SHOW COLUMNS FROM `cms_news` [ RunTime:0.0007s ]
SQL: SELECT * FROM `cms_news` WHERE `status` <> -1 ORDER BY listorder desc , news_id desc LIMIT 0,5   [ RunTime:0.0004s ]
SQL: SELECT COUNT(*) AS tp_count FROM `cms_news` WHERE `status` <> -1 LIMIT 1   [ RunTime:0.0002s ]
NOTIC: [8] Undefined index: catid C:\wamp64\www\thinkphpNews\Application\Admin\Controller\ContentController.class.php 第 30 行.
NOTIC: [2048] Declaration of Common\Model\PositionModel::find() should be compatible with Think\Model::find($options = Array) C:\wamp64\www\thinkphpNews\Application\Common\Model\PositionModel.class.php 第 86 行.
SQL: SHOW COLUMNS FROM `cms_position` [ RunTime:0.0006s ]
SQL: SELECT * FROM `cms_position` WHERE `status` = 1 ORDER BY id  [ RunTime:0.0003s ]
NOTIC: [2048] Declaration of Common\Model\MenuModel::find() should be compatible with Think\Model::find($options = Array) C:\wamp64\www\thinkphpNews\Application\Common\Model\MenuModel.class.php 第 87 行.
SQL: SHOW COLUMNS FROM `cms_menu` [ RunTime:0.0007s ]
SQL: SELECT * FROM `cms_menu` WHERE `status` = 1 AND `type` = 0 ORDER BY listorder desc , menu_id desc  [ RunTime:0.0003s ]
INFO: [ view_parse ] --START--
INFO: [ template_filter ] --START--
INFO: Run Behavior\ContentReplaceBehavior [ RunTime:0.000086s ]
INFO: [ template_filter ] --END-- [ RunTime:0.000181s ]
SQL: SELECT * FROM `cms_menu` WHERE `status` = 1 AND `type` = 1 ORDER BY listorder desc , menu_id desc  [ RunTime:0.0004s ]
NOTIC: [8] Undefined index: adminUser C:\wamp64\www\thinkphpNews\Application\Common\Common\function.php 第 66 行.
NOTIC: [8] Undefined index: adminUser C:\wamp64\www\thinkphpNews\Application\Common\Common\function.php 第 66 行.
NOTIC: [8] Undefined index: a C:\wamp64\www\thinkphpNews\Application\Common\Common\function.php 第 40 行.
NOTIC: [8] Undefined index: a C:\wamp64\www\thinkphpNews\Application\Common\Common\function.php 第 40 行.
NOTIC: [8] Undefined index: a C:\wamp64\www\thinkphpNews\Application\Common\Common\function.php 第 40 行.
NOTIC: [8] Undefined index: a C:\wamp64\www\thinkphpNews\Application\Common\Common\function.php 第 40 行.
NOTIC: [8] Undefined index: a C:\wamp64\www\thinkphpNews\Application\Common\Common\function.php 第 40 行.
NOTIC: [8] Undefined variable: title C:\wamp64\www\thinkphpNews\Application\Runtime\Cache\Admin\ccc9ced3ad798311a07cb47b740981c5.php 第 125 行.
INFO: Run Behavior\ParseTemplateBehavior [ RunTime:0.016439s ]
INFO: [ view_parse ] --END-- [ RunTime:0.016537s ]
INFO: [ view_filter ] --START--
INFO: Run Behavior\WriteHtmlCacheBehavior [ RunTime:0.000408s ]
INFO: [ view_filter ] --END-- [ RunTime:0.000497s ]
INFO: [ app_end ] --START--
INFO: Run Behavior\ShowPageTraceBehavior [ RunTime:0.000564s ]
INFO: [ app_end ] --END-- [ RunTime:0.000698s ]

[ 2017-04-26T18:50:08+08:00 ] ::1 /thinkphpNews/admin.php?c=PositionContent
INFO: [ app_init ] --START--
INFO: Run Behavior\BuildLiteBehavior [ RunTime:0.000024s ]
INFO: [ app_init ] --END-- [ RunTime:0.000445s ]
INFO: [ app_begin ] --START--
INFO: Run Behavior\ReadHtmlCacheBehavior [ RunTime:0.000541s ]
INFO: [ app_begin ] --END-- [ RunTime:0.000652s ]
NOTIC: [2048] Declaration of Common\Model\PositionModel::find() should be compatible with Think\Model::find($options = Array) C:\wamp64\www\thinkphpNews\Application\Common\Model\PositionModel.class.php 第 9 行.
SQL: SHOW COLUMNS FROM `cms_position` [ RunTime:0.0007s ]
SQL: SELECT * FROM `cms_position` WHERE `status` = 1 ORDER BY id  [ RunTime:0.0003s ]
NOTIC: [8] Undefined index: title C:\wamp64\www\thinkphpNews\Application\Admin\Controller\PositionContentController.class.php 第 17 行.
NOTIC: [8] Undefined index: position_id C:\wamp64\www\thinkphpNews\Application\Admin\Controller\PositionContentController.class.php 第 21 行.
NOTIC: [8] Undefined index: p C:\wamp64\www\thinkphpNews\Application\Admin\Controller\PositionContentController.class.php 第 24 行.
NOTIC: [8] Undefined index: pageSize C:\wamp64\www\thinkphpNews\Application\Admin\Controller\PositionContentController.class.php 第 25 行.
NOTIC: [2048] Declaration of Common\Model\PositionContentModel::find() should be compatible with Think\Model::find($options = Array) C:\wamp64\www\thinkphpNews\Application\Common\Model\PositionContentModel.class.php 第 104 行.
SQL: SHOW COLUMNS FROM `cms_position_content` [ RunTime:0.0005s ]
SQL: SELECT * FROM `cms_position_content` WHERE `status` <> -1 AND `position_id` = 4 ORDER BY id desc LIMIT 0,2   [ RunTime:0.0005s ]
SQL: SELECT COUNT(*) AS tp_count FROM `cms_position_content` WHERE `status` <> -1 AND `position_id` = 4 LIMIT 1   [ RunTime:0.0003s ]
NOTIC: [8] Undefined variable: pageRes C:\wamp64\www\thinkphpNews\Application\Admin\Controller\PositionContentController.class.php 第 30 行.
NOTIC: [8] Undefined index: title C:\wamp64\www\thinkphpNews\Application\Common\Model\PositionContentModel.class.php 第 29 行.
SQL: SELECT * FROM `cms_position_content` WHERE `status` <> -1 AND `position_id` = 4 ORDER BY listorder desc,id desc  [ RunTime:0.0003s ]
INFO: [ view_parse ] --START--
INFO: [ template_filter ] --START--
INFO: Run Behavior\ContentReplaceBehavior [ RunTime:0.000100s ]
INFO: [ template_filter ] --END-- [ RunTime:0.000227s ]
NOTIC: [2048] Declaration of Common\Model\MenuModel::find() should be compatible with Think\Model::find($options = Array) C:\wamp64\www\thinkphpNews\Application\Common\Model\MenuModel.class.php 第 87 行.
SQL: SHOW COLUMNS FROM `cms_menu` [ RunTime:0.0007s ]
SQL: SELECT * FROM `cms_menu` WHERE `status` = 1 AND `type` = 1 ORDER BY listorder desc , menu_id desc  [ RunTime:0.0004s ]
NOTIC: [8] Undefined index: adminUser C:\wamp64\www\thinkphpNews\Application\Common\Common\function.php 第 66 行.
NOTIC: [8] Undefined index: adminUser C:\wamp64\www\thinkphpNews\Application\Common\Common\function.php 第 66 行.
NOTIC: [8] Undefined index: a C:\wamp64\www\thinkphpNews\Application\Common\Common\function.php 第 40 行.
NOTIC: [8] Undefined index: a C:\wamp64\www\thinkphpNews\Application\Common\Common\function.php 第 40 行.
NOTIC: [8] Undefined index: a C:\wamp64\www\thinkphpNews\Application\Common\Common\function.php 第 40 行.
NOTIC: [8] Undefined index: a C:\wamp64\www\thinkphpNews\Application\Common\Common\function.php 第 40 行.
NOTIC: [8] Undefined index: a C:\wamp64\www\thinkphpNews\Application\Common\Common\function.php 第 40 行.
NOTIC: [8] Undefined variable: title C:\wamp64\www\thinkphpNews\Application\Runtime\Cache\Admin\b3c2094605e2b67e8edd0c0d4b77ce4a.php 第 123 行.
INFO: Run Behavior\ParseTemplateBehavior [ RunTime:0.016166s ]
INFO: [ view_parse ] --END-- [ RunTime:0.016259s ]
INFO: [ view_filter ] --START--
INFO: Run Behavior\WriteHtmlCacheBehavior [ RunTime:0.000551s ]
INFO: [ view_filter ] --END-- [ RunTime:0.000637s ]
INFO: [ app_end ] --START--
INFO: Run Behavior\ShowPageTraceBehavior [ RunTime:0.000651s ]
INFO: [ app_end ] --END-- [ RunTime:0.000803s ]

[ 2017-04-26T18:50:19+08:00 ] ::1 /thinkphpNews/admin.php?c=position
INFO: [ app_init ] --START--
INFO: Run Behavior\BuildLiteBehavior [ RunTime:0.000021s ]
INFO: [ app_init ] --END-- [ RunTime:0.000378s ]
INFO: [ app_begin ] --START--
INFO: Run Behavior\ReadHtmlCacheBehavior [ RunTime:0.000507s ]
INFO: [ app_begin ] --END-- [ RunTime:0.000612s ]
NOTIC: [8] Undefined index: p C:\wamp64\www\thinkphpNews\Application\Admin\Controller\PositionController.class.php 第 26 行.
NOTIC: [8] Undefined index: pageSize C:\wamp64\www\thinkphpNews\Application\Admin\Controller\PositionController.class.php 第 27 行.
NOTIC: [2048] Declaration of Common\Model\PositionModel::find() should be compatible with Think\Model::find($options = Array) C:\wamp64\www\thinkphpNews\Application\Common\Model\PositionModel.class.php 第 9 行.
SQL: SHOW COLUMNS FROM `cms_position` [ RunTime:0.0007s ]
SQL: SELECT * FROM `cms_position` WHERE `status` <> -1 ORDER BY id desc LIMIT 0,5   [ RunTime:0.0003s ]
SQL: SELECT COUNT(*) AS tp_count FROM `cms_position` WHERE `status` <> -1 LIMIT 1   [ RunTime:0.0002s ]
INFO: [ view_parse ] --START--
INFO: [ template_filter ] --START--
INFO: Run Behavior\ContentReplaceBehavior [ RunTime:0.000152s ]
INFO: [ template_filter ] --END-- [ RunTime:0.000351s ]
NOTIC: [2048] Declaration of Common\Model\MenuModel::find() should be compatible with Think\Model::find($options = Array) C:\wamp64\www\thinkphpNews\Application\Common\Model\MenuModel.class.php 第 87 行.
SQL: SHOW COLUMNS FROM `cms_menu` [ RunTime:0.0008s ]
SQL: SELECT * FROM `cms_menu` WHERE `status` = 1 AND `type` = 1 ORDER BY listorder desc , menu_id desc  [ RunTime:0.0004s ]
NOTIC: [8] Undefined index: adminUser C:\wamp64\www\thinkphpNews\Application\Common\Common\function.php 第 66 行.
NOTIC: [8] Undefined index: adminUser C:\wamp64\www\thinkphpNews\Application\Common\Common\function.php 第 66 行.
NOTIC: [8] Undefined index: a C:\wamp64\www\thinkphpNews\Application\Common\Common\function.php 第 40 行.
NOTIC: [8] Undefined index: a C:\wamp64\www\thinkphpNews\Application\Common\Common\function.php 第 40 行.
NOTIC: [8] Undefined index: a C:\wamp64\www\thinkphpNews\Application\Common\Common\function.php 第 40 行.
NOTIC: [8] Undefined index: a C:\wamp64\www\thinkphpNews\Application\Common\Common\function.php 第 40 行.
NOTIC: [8] Undefined index: a C:\wamp64\www\thinkphpNews\Application\Common\Common\function.php 第 40 行.
INFO: Run Behavior\ParseTemplateBehavior [ RunTime:0.014564s ]
INFO: [ view_parse ] --END-- [ RunTime:0.014656s ]
INFO: [ view_filter ] --START--
INFO: Run Behavior\WriteHtmlCacheBehavior [ RunTime:0.000596s ]
INFO: [ view_filter ] --END-- [ RunTime:0.000698s ]
INFO: [ app_end ] --START--
INFO: Run Behavior\ShowPageTraceBehavior [ RunTime:0.000719s ]
INFO: [ app_end ] --END-- [ RunTime:0.000820s ]

[ 2017-04-26T18:50:34+08:00 ] ::1 /thinkphpNews/admin.php?c=PositionContent
INFO: [ app_init ] --START--
INFO: Run Behavior\BuildLiteBehavior [ RunTime:0.000022s ]
INFO: [ app_init ] --END-- [ RunTime:0.000490s ]
INFO: [ app_begin ] --START--
INFO: Run Behavior\ReadHtmlCacheBehavior [ RunTime:0.000515s ]
INFO: [ app_begin ] --END-- [ RunTime:0.000636s ]
NOTIC: [2048] Declaration of Common\Model\PositionModel::find() should be compatible with Think\Model::find($options = Array) C:\wamp64\www\thinkphpNews\Application\Common\Model\PositionModel.class.php 第 9 行.
SQL: SHOW COLUMNS FROM `cms_position` [ RunTime:0.0007s ]
SQL: SELECT * FROM `cms_position` WHERE `status` = 1 ORDER BY id  [ RunTime:0.0004s ]
NOTIC: [8] Undefined index: title C:\wamp64\www\thinkphpNews\Application\Admin\Controller\PositionContentController.class.php 第 17 行.
NOTIC: [8] Undefined index: position_id C:\wamp64\www\thinkphpNews\Application\Admin\Controller\PositionContentController.class.php 第 21 行.
NOTIC: [8] Undefined index: p C:\wamp64\www\thinkphpNews\Application\Admin\Controller\PositionContentController.class.php 第 24 行.
NOTIC: [8] Undefined index: pageSize C:\wamp64\www\thinkphpNews\Application\Admin\Controller\PositionContentController.class.php 第 25 行.
NOTIC: [2048] Declaration of Common\Model\PositionContentModel::find() should be compatible with Think\Model::find($options = Array) C:\wamp64\www\thinkphpNews\Application\Common\Model\PositionContentModel.class.php 第 104 行.
SQL: SHOW COLUMNS FROM `cms_position_content` [ RunTime:0.0007s ]
SQL: SELECT * FROM `cms_position_content` WHERE `status` <> -1 AND `position_id` = 4 ORDER BY id desc LIMIT 0,2   [ RunTime:0.0004s ]
SQL: SELECT COUNT(*) AS tp_count FROM `cms_position_content` WHERE `status` <> -1 AND `position_id` = 4 LIMIT 1   [ RunTime:0.0003s ]
NOTIC: [8] Undefined variable: pageRes C:\wamp64\www\thinkphpNews\Application\Admin\Controller\PositionContentController.class.php 第 30 行.
NOTIC: [8] Undefined index: title C:\wamp64\www\thinkphpNews\Application\Common\Model\PositionContentModel.class.php 第 29 行.
SQL: SELECT * FROM `cms_position_content` WHERE `status` <> -1 AND `position_id` = 4 ORDER BY listorder desc,id desc  [ RunTime:0.0003s ]
INFO: [ view_parse ] --START--
INFO: [ template_filter ] --START--
INFO: Run Behavior\ContentReplaceBehavior [ RunTime:0.000081s ]
INFO: [ template_filter ] --END-- [ RunTime:0.000174s ]
NOTIC: [2048] Declaration of Common\Model\MenuModel::find() should be compatible with Think\Model::find($options = Array) C:\wamp64\www\thinkphpNews\Application\Common\Model\MenuModel.class.php 第 87 行.
SQL: SHOW COLUMNS FROM `cms_menu` [ RunTime:0.0008s ]
SQL: SELECT * FROM `cms_menu` WHERE `status` = 1 AND `type` = 1 ORDER BY listorder desc , menu_id desc  [ RunTime:0.0005s ]
NOTIC: [8] Undefined index: adminUser C:\wamp64\www\thinkphpNews\Application\Common\Common\function.php 第 66 行.
NOTIC: [8] Undefined index: adminUser C:\wamp64\www\thinkphpNews\Application\Common\Common\function.php 第 66 行.
NOTIC: [8] Undefined index: a C:\wamp64\www\thinkphpNews\Application\Common\Common\function.php 第 40 行.
NOTIC: [8] Undefined index: a C:\wamp64\www\thinkphpNews\Application\Common\Common\function.php 第 40 行.
NOTIC: [8] Undefined index: a C:\wamp64\www\thinkphpNews\Application\Common\Common\function.php 第 40 行.
NOTIC: [8] Undefined index: a C:\wamp64\www\thinkphpNews\Application\Common\Common\function.php 第 40 行.
NOTIC: [8] Undefined index: a C:\wamp64\www\thinkphpNews\Application\Common\Common\function.php 第 40 行.
NOTIC: [8] Undefined variable: title C:\wamp64\www\thinkphpNews\Application\Runtime\Cache\Admin\b3c2094605e2b67e8edd0c0d4b77ce4a.php 第 123 行.
INFO: Run Behavior\ParseTemplateBehavior [ RunTime:0.016266s ]
INFO: [ view_parse ] --END-- [ RunTime:0.016354s ]
INFO: [ view_filter ] --START--
INFO: Run Behavior\WriteHtmlCacheBehavior [ RunTime:0.000460s ]
INFO: [ view_filter ] --END-- [ RunTime:0.000545s ]
INFO: [ app_end ] --START--
INFO: Run Behavior\ShowPageTraceBehavior [ RunTime:0.000750s ]
INFO: [ app_end ] --END-- [ RunTime:0.000877s ]

[ 2017-04-26T18:50:37+08:00 ] ::1 /thinkphpNews/admin.php?c=Basic
INFO: [ app_init ] --START--
INFO: Run Behavior\BuildLiteBehavior [ RunTime:0.000024s ]
INFO: [ app_init ] --END-- [ RunTime:0.000442s ]
INFO: [ app_begin ] --START--
INFO: Run Behavior\ReadHtmlCacheBehavior [ RunTime:0.000591s ]
INFO: [ app_begin ] --END-- [ RunTime:0.000701s ]
NOTIC: [2048] Declaration of Common\Model\BasicModel::save() should be compatible with Think\Model::save($data = '', $options = Array) C:\wamp64\www\thinkphpNews\Application\Common\Model\BasicModel.class.php 第 10 行.
NOTIC: [2048] Declaration of Common\Model\BasicModel::select() should be compatible with Think\Model::select($options = Array) C:\wamp64\www\thinkphpNews\Application\Common\Model\BasicModel.class.php 第 10 行.
SQL: SHOW COLUMNS FROM `cms_admin` [ RunTime:0.0006s ]
INFO: [ view_parse ] --START--
INFO: [ template_filter ] --START--
INFO: Run Behavior\ContentReplaceBehavior [ RunTime:0.000065s ]
INFO: [ template_filter ] --END-- [ RunTime:0.000154s ]
NOTIC: [2048] Declaration of Common\Model\MenuModel::find() should be compatible with Think\Model::find($options = Array) C:\wamp64\www\thinkphpNews\Application\Common\Model\MenuModel.class.php 第 87 行.
SQL: SHOW COLUMNS FROM `cms_menu` [ RunTime:0.0005s ]
SQL: SELECT * FROM `cms_menu` WHERE `status` = 1 AND `type` = 1 ORDER BY listorder desc , menu_id desc  [ RunTime:0.0003s ]
NOTIC: [8] Undefined index: adminUser C:\wamp64\www\thinkphpNews\Application\Common\Common\function.php 第 66 行.
NOTIC: [8] Undefined index: adminUser C:\wamp64\www\thinkphpNews\Application\Common\Common\function.php 第 66 行.
NOTIC: [8] Undefined index: a C:\wamp64\www\thinkphpNews\Application\Common\Common\function.php 第 40 行.
NOTIC: [8] Undefined index: a C:\wamp64\www\thinkphpNews\Application\Common\Common\function.php 第 40 行.
NOTIC: [8] Undefined index: a C:\wamp64\www\thinkphpNews\Application\Common\Common\function.php 第 40 行.
NOTIC: [8] Undefined index: a C:\wamp64\www\thinkphpNews\Application\Common\Common\function.php 第 40 行.
NOTIC: [8] Undefined index: a C:\wamp64\www\thinkphpNews\Application\Common\Common\function.php 第 40 行.
INFO: Run Behavior\ParseTemplateBehavior [ RunTime:0.013080s ]
INFO: [ view_parse ] --END-- [ RunTime:0.013194s ]
INFO: [ view_filter ] --START--
INFO: Run Behavior\WriteHtmlCacheBehavior [ RunTime:0.000383s ]
INFO: [ view_filter ] --END-- [ RunTime:0.000469s ]
INFO: [ app_end ] --START--
INFO: Run Behavior\ShowPageTraceBehavior [ RunTime:0.000504s ]
INFO: [ app_end ] --END-- [ RunTime:0.000602s ]

[ 2017-04-26T18:50:38+08:00 ] ::1 /thinkphpNews/admin.php?c=menu
INFO: [ app_init ] --START--
INFO: Run Behavior\BuildLiteBehavior [ RunTime:0.000021s ]
INFO: [ app_init ] --END-- [ RunTime:0.000398s ]
INFO: [ app_begin ] --START--
INFO: Run Behavior\ReadHtmlCacheBehavior [ RunTime:0.000499s ]
INFO: [ app_begin ] --END-- [ RunTime:0.000603s ]
NOTIC: [8] Undefined index: p C:\wamp64\www\thinkphpNews\Application\Admin\Controller\MenuController.class.php 第 24 行.
NOTIC: [8] Undefined index: pageSize C:\wamp64\www\thinkphpNews\Application\Admin\Controller\MenuController.class.php 第 25 行.
NOTIC: [2048] Declaration of Common\Model\MenuModel::find() should be compatible with Think\Model::find($options = Array) C:\wamp64\www\thinkphpNews\Application\Common\Model\MenuModel.class.php 第 5 行.
SQL: SHOW COLUMNS FROM `cms_menu` [ RunTime:0.0006s ]
SQL: SELECT * FROM `cms_menu` WHERE `status` <> -1 ORDER BY listorder desc , menu_id desc LIMIT 0,5   [ RunTime:0.0004s ]
SQL: SELECT COUNT(*) AS tp_count FROM `cms_menu` WHERE `status` <> -1 LIMIT 1   [ RunTime:0.0003s ]
INFO: [ view_parse ] --START--
INFO: [ template_filter ] --START--
INFO: Run Behavior\ContentReplaceBehavior [ RunTime:0.000077s ]
INFO: [ template_filter ] --END-- [ RunTime:0.000167s ]
SQL: SELECT * FROM `cms_menu` WHERE `status` = 1 AND `type` = 1 ORDER BY listorder desc , menu_id desc  [ RunTime:0.0004s ]
NOTIC: [8] Undefined index: adminUser C:\wamp64\www\thinkphpNews\Application\Common\Common\function.php 第 66 行.
NOTIC: [8] Undefined index: adminUser C:\wamp64\www\thinkphpNews\Application\Common\Common\function.php 第 66 行.
NOTIC: [8] Undefined index: a C:\wamp64\www\thinkphpNews\Application\Common\Common\function.php 第 40 行.
NOTIC: [8] Undefined index: a C:\wamp64\www\thinkphpNews\Application\Common\Common\function.php 第 40 行.
NOTIC: [8] Undefined index: a C:\wamp64\www\thinkphpNews\Application\Common\Common\function.php 第 40 行.
NOTIC: [8] Undefined index: a C:\wamp64\www\thinkphpNews\Application\Common\Common\function.php 第 40 行.
NOTIC: [8] Undefined index: a C:\wamp64\www\thinkphpNews\Application\Common\Common\function.php 第 40 行.
NOTIC: [8] Array to string conversion C:\wamp64\www\thinkphpNews\Application\Runtime\Cache\Admin\b956215329b6f9aca22277599a4efdfc.php 第 103 行.
INFO: Run Behavior\ParseTemplateBehavior [ RunTime:0.012612s ]
INFO: [ view_parse ] --END-- [ RunTime:0.012721s ]
INFO: [ view_filter ] --START--
INFO: Run Behavior\WriteHtmlCacheBehavior [ RunTime:0.000378s ]
INFO: [ view_filter ] --END-- [ RunTime:0.000462s ]
INFO: [ app_end ] --START--
INFO: Run Behavior\ShowPageTraceBehavior [ RunTime:0.000590s ]
INFO: [ app_end ] --END-- [ RunTime:0.000722s ]

[ 2017-04-26T18:50:39+08:00 ] ::1 /thinkphpNews/admin.php?c=Basic
INFO: [ app_init ] --START--
INFO: Run Behavior\BuildLiteBehavior [ RunTime:0.000049s ]
INFO: [ app_init ] --END-- [ RunTime:0.000599s ]
INFO: [ app_begin ] --START--
INFO: Run Behavior\ReadHtmlCacheBehavior [ RunTime:0.000550s ]
INFO: [ app_begin ] --END-- [ RunTime:0.000659s ]
NOTIC: [2048] Declaration of Common\Model\BasicModel::save() should be compatible with Think\Model::save($data = '', $options = Array) C:\wamp64\www\thinkphpNews\Application\Common\Model\BasicModel.class.php 第 10 行.
NOTIC: [2048] Declaration of Common\Model\BasicModel::select() should be compatible with Think\Model::select($options = Array) C:\wamp64\www\thinkphpNews\Application\Common\Model\BasicModel.class.php 第 10 行.
SQL: SHOW COLUMNS FROM `cms_admin` [ RunTime:0.0006s ]
INFO: [ view_parse ] --START--
INFO: [ template_filter ] --START--
INFO: Run Behavior\ContentReplaceBehavior [ RunTime:0.000069s ]
INFO: [ template_filter ] --END-- [ RunTime:0.000163s ]
NOTIC: [2048] Declaration of Common\Model\MenuModel::find() should be compatible with Think\Model::find($options = Array) C:\wamp64\www\thinkphpNews\Application\Common\Model\MenuModel.class.php 第 87 行.
SQL: SHOW COLUMNS FROM `cms_menu` [ RunTime:0.0007s ]
SQL: SELECT * FROM `cms_menu` WHERE `status` = 1 AND `type` = 1 ORDER BY listorder desc , menu_id desc  [ RunTime:0.0005s ]
NOTIC: [8] Undefined index: adminUser C:\wamp64\www\thinkphpNews\Application\Common\Common\function.php 第 66 行.
NOTIC: [8] Undefined index: adminUser C:\wamp64\www\thinkphpNews\Application\Common\Common\function.php 第 66 行.
NOTIC: [8] Undefined index: a C:\wamp64\www\thinkphpNews\Application\Common\Common\function.php 第 40 行.
NOTIC: [8] Undefined index: a C:\wamp64\www\thinkphpNews\Application\Common\Common\function.php 第 40 行.
NOTIC: [8] Undefined index: a C:\wamp64\www\thinkphpNews\Application\Common\Common\function.php 第 40 行.
NOTIC: [8] Undefined index: a C:\wamp64\www\thinkphpNews\Application\Common\Common\function.php 第 40 行.
NOTIC: [8] Undefined index: a C:\wamp64\www\thinkphpNews\Application\Common\Common\function.php 第 40 行.
INFO: Run Behavior\ParseTemplateBehavior [ RunTime:0.012649s ]
INFO: [ view_parse ] --END-- [ RunTime:0.012738s ]
INFO: [ view_filter ] --START--
INFO: Run Behavior\WriteHtmlCacheBehavior [ RunTime:0.000397s ]
INFO: [ view_filter ] --END-- [ RunTime:0.000479s ]
INFO: [ app_end ] --START--
INFO: Run Behavior\ShowPageTraceBehavior [ RunTime:0.000560s ]
INFO: [ app_end ] --END-- [ RunTime:0.000655s ]

[ 2017-04-26T18:50:39+08:00 ] ::1 /thinkphpNews/admin.php?c=basic&a=cache
INFO: [ app_init ] --START--
INFO: Run Behavior\BuildLiteBehavior [ RunTime:0.000023s ]
INFO: [ app_init ] --END-- [ RunTime:0.000475s ]
INFO: [ app_begin ] --START--
INFO: Run Behavior\ReadHtmlCacheBehavior [ RunTime:0.000494s ]
INFO: [ app_begin ] --END-- [ RunTime:0.000598s ]
INFO: [ view_parse ] --START--
INFO: [ template_filter ] --START--
INFO: Run Behavior\ContentReplaceBehavior [ RunTime:0.000186s ]
INFO: [ template_filter ] --END-- [ RunTime:0.000387s ]
NOTIC: [2048] Declaration of Common\Model\MenuModel::find() should be compatible with Think\Model::find($options = Array) C:\wamp64\www\thinkphpNews\Application\Common\Model\MenuModel.class.php 第 5 行.
SQL: SHOW COLUMNS FROM `cms_menu` [ RunTime:0.0007s ]
SQL: SELECT * FROM `cms_menu` WHERE `status` = 1 AND `type` = 1 ORDER BY listorder desc , menu_id desc  [ RunTime:0.0003s ]
NOTIC: [8] Undefined index: adminUser C:\wamp64\www\thinkphpNews\Application\Common\Common\function.php 第 66 行.
NOTIC: [8] Undefined index: adminUser C:\wamp64\www\thinkphpNews\Application\Common\Common\function.php 第 66 行.
NOTIC: [8] Undefined index: a C:\wamp64\www\thinkphpNews\Application\Common\Common\function.php 第 40 行.
NOTIC: [8] Undefined index: a C:\wamp64\www\thinkphpNews\Application\Common\Common\function.php 第 40 行.
NOTIC: [8] Undefined index: a C:\wamp64\www\thinkphpNews\Application\Common\Common\function.php 第 40 行.
NOTIC: [8] Undefined index: a C:\wamp64\www\thinkphpNews\Application\Common\Common\function.php 第 40 行.
NOTIC: [8] Undefined index: a C:\wamp64\www\thinkphpNews\Application\Common\Common\function.php 第 40 行.
INFO: Run Behavior\ParseTemplateBehavior [ RunTime:0.031316s ]
INFO: [ view_parse ] --END-- [ RunTime:0.031439s ]
INFO: [ view_filter ] --START--
INFO: Run Behavior\WriteHtmlCacheBehavior [ RunTime:0.000536s ]
INFO: [ view_filter ] --END-- [ RunTime:0.000636s ]
INFO: [ app_end ] --START--
INFO: Run Behavior\ShowPageTraceBehavior [ RunTime:0.000687s ]
INFO: [ app_end ] --END-- [ RunTime:0.000802s ]

[ 2017-04-26T18:50:40+08:00 ] ::1 /thinkphpNews/admin.php?c=basic
INFO: [ app_init ] --START--
INFO: Run Behavior\BuildLiteBehavior [ RunTime:0.000022s ]
INFO: [ app_init ] --END-- [ RunTime:0.000395s ]
INFO: [ app_begin ] --START--
INFO: Run Behavior\ReadHtmlCacheBehavior [ RunTime:0.000541s ]
INFO: [ app_begin ] --END-- [ RunTime:0.000644s ]
NOTIC: [2048] Declaration of Common\Model\BasicModel::save() should be compatible with Think\Model::save($data = '', $options = Array) C:\wamp64\www\thinkphpNews\Application\Common\Model\BasicModel.class.php 第 10 行.
NOTIC: [2048] Declaration of Common\Model\BasicModel::select() should be compatible with Think\Model::select($options = Array) C:\wamp64\www\thinkphpNews\Application\Common\Model\BasicModel.class.php 第 10 行.
SQL: SHOW COLUMNS FROM `cms_admin` [ RunTime:0.0005s ]
INFO: [ view_parse ] --START--
INFO: [ template_filter ] --START--
INFO: Run Behavior\ContentReplaceBehavior [ RunTime:0.000065s ]
INFO: [ template_filter ] --END-- [ RunTime:0.000158s ]
NOTIC: [2048] Declaration of Common\Model\MenuModel::find() should be compatible with Think\Model::find($options = Array) C:\wamp64\www\thinkphpNews\Application\Common\Model\MenuModel.class.php 第 87 行.
SQL: SHOW COLUMNS FROM `cms_menu` [ RunTime:0.0006s ]
SQL: SELECT * FROM `cms_menu` WHERE `status` = 1 AND `type` = 1 ORDER BY listorder desc , menu_id desc  [ RunTime:0.0003s ]
NOTIC: [8] Undefined index: adminUser C:\wamp64\www\thinkphpNews\Application\Common\Common\function.php 第 66 行.
NOTIC: [8] Undefined index: adminUser C:\wamp64\www\thinkphpNews\Application\Common\Common\function.php 第 66 行.
NOTIC: [8] Undefined index: a C:\wamp64\www\thinkphpNews\Application\Common\Common\function.php 第 40 行.
NOTIC: [8] Undefined index: a C:\wamp64\www\thinkphpNews\Application\Common\Common\function.php 第 40 行.
NOTIC: [8] Undefined index: a C:\wamp64\www\thinkphpNews\Application\Common\Common\function.php 第 40 行.
NOTIC: [8] Undefined index: a C:\wamp64\www\thinkphpNews\Application\Common\Common\function.php 第 40 行.
NOTIC: [8] Undefined index: a C:\wamp64\www\thinkphpNews\Application\Common\Common\function.php 第 40 行.
INFO: Run Behavior\ParseTemplateBehavior [ RunTime:0.012818s ]
INFO: [ view_parse ] --END-- [ RunTime:0.012921s ]
INFO: [ view_filter ] --START--
INFO: Run Behavior\WriteHtmlCacheBehavior [ RunTime:0.000404s ]
INFO: [ view_filter ] --END-- [ RunTime:0.000488s ]
INFO: [ app_end ] --START--
INFO: Run Behavior\ShowPageTraceBehavior [ RunTime:0.000545s ]
INFO: [ app_end ] --END-- [ RunTime:0.000641s ]

[ 2017-04-26T18:50:41+08:00 ] ::1 /thinkphpNews/admin.php?c=menu
INFO: [ app_init ] --START--
INFO: Run Behavior\BuildLiteBehavior [ RunTime:0.000029s ]
INFO: [ app_init ] --END-- [ RunTime:0.000524s ]
INFO: [ app_begin ] --START--
INFO: Run Behavior\ReadHtmlCacheBehavior [ RunTime:0.000680s ]
INFO: [ app_begin ] --END-- [ RunTime:0.000822s ]
NOTIC: [8] Undefined index: p C:\wamp64\www\thinkphpNews\Application\Admin\Controller\MenuController.class.php 第 24 行.
NOTIC: [8] Undefined index: pageSize C:\wamp64\www\thinkphpNews\Application\Admin\Controller\MenuController.class.php 第 25 行.
NOTIC: [2048] Declaration of Common\Model\MenuModel::find() should be compatible with Think\Model::find($options = Array) C:\wamp64\www\thinkphpNews\Application\Common\Model\MenuModel.class.php 第 5 行.
SQL: SHOW COLUMNS FROM `cms_menu` [ RunTime:0.0004s ]
SQL: SELECT * FROM `cms_menu` WHERE `status` <> -1 ORDER BY listorder desc , menu_id desc LIMIT 0,5   [ RunTime:0.0002s ]
SQL: SELECT COUNT(*) AS tp_count FROM `cms_menu` WHERE `status` <> -1 LIMIT 1   [ RunTime:0.0002s ]
INFO: [ view_parse ] --START--
INFO: [ template_filter ] --START--
INFO: Run Behavior\ContentReplaceBehavior [ RunTime:0.000076s ]
INFO: [ template_filter ] --END-- [ RunTime:0.000168s ]
SQL: SELECT * FROM `cms_menu` WHERE `status` = 1 AND `type` = 1 ORDER BY listorder desc , menu_id desc  [ RunTime:0.0004s ]
NOTIC: [8] Undefined index: adminUser C:\wamp64\www\thinkphpNews\Application\Common\Common\function.php 第 66 行.
NOTIC: [8] Undefined index: adminUser C:\wamp64\www\thinkphpNews\Application\Common\Common\function.php 第 66 行.
NOTIC: [8] Undefined index: a C:\wamp64\www\thinkphpNews\Application\Common\Common\function.php 第 40 行.
NOTIC: [8] Undefined index: a C:\wamp64\www\thinkphpNews\Application\Common\Common\function.php 第 40 行.
NOTIC: [8] Undefined index: a C:\wamp64\www\thinkphpNews\Application\Common\Common\function.php 第 40 行.
NOTIC: [8] Undefined index: a C:\wamp64\www\thinkphpNews\Application\Common\Common\function.php 第 40 行.
NOTIC: [8] Undefined index: a C:\wamp64\www\thinkphpNews\Application\Common\Common\function.php 第 40 行.
NOTIC: [8] Array to string conversion C:\wamp64\www\thinkphpNews\Application\Runtime\Cache\Admin\b956215329b6f9aca22277599a4efdfc.php 第 103 行.
INFO: Run Behavior\ParseTemplateBehavior [ RunTime:0.012667s ]
INFO: [ view_parse ] --END-- [ RunTime:0.012759s ]
INFO: [ view_filter ] --START--
INFO: Run Behavior\WriteHtmlCacheBehavior [ RunTime:0.000367s ]
INFO: [ view_filter ] --END-- [ RunTime:0.000450s ]
INFO: [ app_end ] --START--
INFO: Run Behavior\ShowPageTraceBehavior [ RunTime:0.000777s ]
INFO: [ app_end ] --END-- [ RunTime:0.000913s ]

[ 2017-04-26T18:50:45+08:00 ] ::1 /thinkphpNews/admin.php?m=admin&c=login&a=loginout
INFO: [ app_init ] --START--
INFO: Run Behavior\BuildLiteBehavior [ RunTime:0.000024s ]
INFO: [ app_init ] --END-- [ RunTime:0.000441s ]
INFO: [ app_begin ] --START--
INFO: Run Behavior\ReadHtmlCacheBehavior [ RunTime:0.000579s ]
INFO: [ app_begin ] --END-- [ RunTime:0.000703s ]

[ 2017-04-26T18:50:45+08:00 ] ::1 /thinkphpNews/admin.php?m=Admin&c=Login&a=index.php&m=admin&c=login&a=index
INFO: [ app_init ] --START--
INFO: Run Behavior\BuildLiteBehavior [ RunTime:0.000021s ]
INFO: [ app_init ] --END-- [ RunTime:0.000395s ]
INFO: [ app_begin ] --START--
INFO: Run Behavior\ReadHtmlCacheBehavior [ RunTime:0.000501s ]
INFO: [ app_begin ] --END-- [ RunTime:0.000603s ]
INFO: [ view_parse ] --START--
INFO: [ template_filter ] --START--
INFO: Run Behavior\ContentReplaceBehavior [ RunTime:0.000051s ]
INFO: [ template_filter ] --END-- [ RunTime:0.000168s ]
INFO: Run Behavior\ParseTemplateBehavior [ RunTime:0.006250s ]
INFO: [ view_parse ] --END-- [ RunTime:0.006357s ]
INFO: [ view_filter ] --START--
INFO: Run Behavior\WriteHtmlCacheBehavior [ RunTime:0.000343s ]
INFO: [ view_filter ] --END-- [ RunTime:0.000426s ]
INFO: [ app_end ] --START--
INFO: Run Behavior\ShowPageTraceBehavior [ RunTime:0.000564s ]
INFO: [ app_end ] --END-- [ RunTime:0.000695s ]

[ 2017-04-26T18:50:45+08:00 ] ::1 /thinkphpNews/admin.php?m=Admin&c=Login&a=index.php&m=admin&c=login&a=index
INFO: [ app_init ] --START--
INFO: Run Behavior\BuildLiteBehavior [ RunTime:0.000022s ]
INFO: [ app_init ] --END-- [ RunTime:0.000453s ]
INFO: [ app_begin ] --START--
INFO: Run Behavior\ReadHtmlCacheBehavior [ RunTime:0.000889s ]
INFO: [ app_begin ] --END-- [ RunTime:0.001034s ]
INFO: [ view_parse ] --START--
INFO: [ template_filter ] --START--
INFO: Run Behavior\ContentReplaceBehavior [ RunTime:0.000060s ]
INFO: [ template_filter ] --END-- [ RunTime:0.000178s ]
INFO: Run Behavior\ParseTemplateBehavior [ RunTime:0.006347s ]
INFO: [ view_parse ] --END-- [ RunTime:0.006460s ]
INFO: [ view_filter ] --START--
INFO: Run Behavior\WriteHtmlCacheBehavior [ RunTime:0.000480s ]
INFO: [ view_filter ] --END-- [ RunTime:0.000571s ]
INFO: [ app_end ] --START--
INFO: Run Behavior\ShowPageTraceBehavior [ RunTime:0.000688s ]
INFO: [ app_end ] --END-- [ RunTime:0.000792s ]

[ 2017-04-26T18:50:46+08:00 ] ::1 /thinkphpNews/index.php?m=admin&c=login&a=check
INFO: [ app_init ] --START--
INFO: Run Behavior\BuildLiteBehavior [ RunTime:0.000020s ]
INFO: [ app_init ] --END-- [ RunTime:0.000367s ]
INFO: [ app_begin ] --START--
INFO: Run Behavior\ReadHtmlCacheBehavior [ RunTime:0.000774s ]
INFO: [ app_begin ] --END-- [ RunTime:0.000885s ]
SQL: SHOW COLUMNS FROM `cms_admin` [ RunTime:0.0010s ]
SQL: SELECT * FROM `cms_admin` WHERE ( username="rehellinen" ) LIMIT 1   [ RunTime:0.0003s ]
SQL: UPDATE `cms_admin` SET `lastlogintime`='1493203846' WHERE ( admin_id=7 ) [ RunTime:0.0080s ]

[ 2017-04-26T18:50:47+08:00 ] ::1 /thinkphpNews/index.php?m=admin&c=index
INFO: [ app_init ] --START--
INFO: Run Behavior\BuildLiteBehavior [ RunTime:0.000023s ]
INFO: [ app_init ] --END-- [ RunTime:0.000507s ]
INFO: [ app_begin ] --START--
INFO: Run Behavior\ReadHtmlCacheBehavior [ RunTime:0.000828s ]
INFO: [ app_begin ] --END-- [ RunTime:0.000962s ]
NOTIC: [2048] Declaration of Common\Model\NewsModel::find() should be compatible with Think\Model::find($options = Array) C:\wamp64\www\thinkphpNews\Application\Common\Model\NewsModel.class.php 第 10 行.
SQL: SHOW COLUMNS FROM `cms_news` [ RunTime:0.0006s ]
SQL: SELECT * FROM `cms_news` WHERE `status` = 1 ORDER BY count desc LIMIT 1   [ RunTime:0.0004s ]
SQL: SELECT COUNT(*) AS tp_count FROM `cms_news` WHERE `status` <> -1 LIMIT 1   [ RunTime:0.0002s ]
NOTIC: [2048] Declaration of Common\Model\PositionModel::find() should be compatible with Think\Model::find($options = Array) C:\wamp64\www\thinkphpNews\Application\Common\Model\PositionModel.class.php 第 86 行.
SQL: SHOW COLUMNS FROM `cms_position` [ RunTime:0.0004s ]
SQL: SELECT COUNT(*) AS tp_count FROM `cms_position` WHERE `status` <> -1 LIMIT 1   [ RunTime:0.0002s ]
SQL: SHOW COLUMNS FROM `cms_admin` [ RunTime:0.0008s ]
SQL: SELECT COUNT(*) AS tp_count FROM `cms_admin` WHERE `status` = 1 AND `lastlogintime` > 1493136000 LIMIT 1   [ RunTime:0.0002s ]
NOTIC: [2] Illegal string offset 'tp_count' C:\wamp64\www\thinkphpNews\Application\Common\Model\AdminModel.class.php 第 64 行.
INFO: [ view_parse ] --START--
INFO: [ template_filter ] --START--
INFO: Run Behavior\ContentReplaceBehavior [ RunTime:0.000081s ]
INFO: [ template_filter ] --END-- [ RunTime:0.000212s ]
NOTIC: [2048] Declaration of Common\Model\MenuModel::find() should be compatible with Think\Model::find($options = Array) C:\wamp64\www\thinkphpNews\Application\Common\Model\MenuModel.class.php 第 87 行.
SQL: SHOW COLUMNS FROM `cms_menu` [ RunTime:0.0005s ]
SQL: SELECT * FROM `cms_menu` WHERE `status` = 1 AND `type` = 1 ORDER BY listorder desc , menu_id desc  [ RunTime:0.0003s ]
NOTIC: [8] Undefined index: a C:\wamp64\www\thinkphpNews\Application\Common\Common\function.php 第 40 行.
NOTIC: [8] Undefined index: a C:\wamp64\www\thinkphpNews\Application\Common\Common\function.php 第 40 行.
NOTIC: [8] Undefined index: a C:\wamp64\www\thinkphpNews\Application\Common\Common\function.php 第 40 行.
NOTIC: [8] Undefined index: a C:\wamp64\www\thinkphpNews\Application\Common\Common\function.php 第 40 行.
NOTIC: [8] Undefined index: a C:\wamp64\www\thinkphpNews\Application\Common\Common\function.php 第 40 行.
NOTIC: [8] Undefined index: a C:\wamp64\www\thinkphpNews\Application\Common\Common\function.php 第 40 行.
INFO: Run Behavior\ParseTemplateBehavior [ RunTime:0.014546s ]
INFO: [ view_parse ] --END-- [ RunTime:0.014636s ]
INFO: [ view_filter ] --START--
INFO: Run Behavior\WriteHtmlCacheBehavior [ RunTime:0.000837s ]
INFO: [ view_filter ] --END-- [ RunTime:0.000928s ]
INFO: [ app_end ] --START--
INFO: Run Behavior\ShowPageTraceBehavior [ RunTime:0.000906s ]
INFO: [ app_end ] --END-- [ RunTime:0.001068s ]

[ 2017-04-26T18:50:48+08:00 ] ::1 /thinkphpNews/admin.php?c=Basic
INFO: [ app_init ] --START--
INFO: Run Behavior\BuildLiteBehavior [ RunTime:0.000021s ]
INFO: [ app_init ] --END-- [ RunTime:0.000362s ]
INFO: [ app_begin ] --START--
INFO: Run Behavior\ReadHtmlCacheBehavior [ RunTime:0.000621s ]
INFO: [ app_begin ] --END-- [ RunTime:0.000731s ]
NOTIC: [2048] Declaration of Common\Model\BasicModel::save() should be compatible with Think\Model::save($data = '', $options = Array) C:\wamp64\www\thinkphpNews\Application\Common\Model\BasicModel.class.php 第 10 行.
NOTIC: [2048] Declaration of Common\Model\BasicModel::select() should be compatible with Think\Model::select($options = Array) C:\wamp64\www\thinkphpNews\Application\Common\Model\BasicModel.class.php 第 10 行.
SQL: SHOW COLUMNS FROM `cms_admin` [ RunTime:0.0008s ]
INFO: [ view_parse ] --START--
INFO: [ template_filter ] --START--
INFO: Run Behavior\ContentReplaceBehavior [ RunTime:0.000063s ]
INFO: [ template_filter ] --END-- [ RunTime:0.000151s ]
NOTIC: [2048] Declaration of Common\Model\MenuModel::find() should be compatible with Think\Model::find($options = Array) C:\wamp64\www\thinkphpNews\Application\Common\Model\MenuModel.class.php 第 87 行.
SQL: SHOW COLUMNS FROM `cms_menu` [ RunTime:0.0006s ]
SQL: SELECT * FROM `cms_menu` WHERE `status` = 1 AND `type` = 1 ORDER BY listorder desc , menu_id desc  [ RunTime:0.0004s ]
NOTIC: [8] Undefined index: a C:\wamp64\www\thinkphpNews\Application\Common\Common\function.php 第 40 行.
NOTIC: [8] Undefined index: a C:\wamp64\www\thinkphpNews\Application\Common\Common\function.php 第 40 行.
NOTIC: [8] Undefined index: a C:\wamp64\www\thinkphpNews\Application\Common\Common\function.php 第 40 行.
NOTIC: [8] Undefined index: a C:\wamp64\www\thinkphpNews\Application\Common\Common\function.php 第 40 行.
NOTIC: [8] Undefined index: a C:\wamp64\www\thinkphpNews\Application\Common\Common\function.php 第 40 行.
NOTIC: [8] Undefined index: a C:\wamp64\www\thinkphpNews\Application\Common\Common\function.php 第 40 行.
INFO: Run Behavior\ParseTemplateBehavior [ RunTime:0.012143s ]
INFO: [ view_parse ] --END-- [ RunTime:0.012233s ]
INFO: [ view_filter ] --START--
INFO: Run Behavior\WriteHtmlCacheBehavior [ RunTime:0.000632s ]
INFO: [ view_filter ] --END-- [ RunTime:0.000715s ]
INFO: [ app_end ] --START--
INFO: Run Behavior\ShowPageTraceBehavior [ RunTime:0.000711s ]
INFO: [ app_end ] --END-- [ RunTime:0.000902s ]

[ 2017-04-26T18:50:49+08:00 ] ::1 /thinkphpNews/admin.php?c=admin
INFO: [ app_init ] --START--
INFO: Run Behavior\BuildLiteBehavior [ RunTime:0.000025s ]
INFO: [ app_init ] --END-- [ RunTime:0.000440s ]
INFO: [ app_begin ] --START--
INFO: Run Behavior\ReadHtmlCacheBehavior [ RunTime:0.000629s ]
INFO: [ app_begin ] --END-- [ RunTime:0.000739s ]
NOTIC: [2048] Declaration of Admin\Controller\AdminController::setStatus() should be compatible with Admin\Controller\CommonController::setStatus($data, $models) C:\wamp64\www\thinkphpNews\Application\Admin\Controller\AdminController.class.php 第 13 行.
SQL: SHOW COLUMNS FROM `cms_admin` [ RunTime:0.0006s ]
SQL: SELECT * FROM `cms_admin` WHERE `status` <> -1  [ RunTime:0.0003s ]
INFO: [ view_parse ] --START--
INFO: [ template_filter ] --START--
INFO: Run Behavior\ContentReplaceBehavior [ RunTime:0.000077s ]
INFO: [ template_filter ] --END-- [ RunTime:0.000387s ]
NOTIC: [2048] Declaration of Common\Model\MenuModel::find() should be compatible with Think\Model::find($options = Array) C:\wamp64\www\thinkphpNews\Application\Common\Model\MenuModel.class.php 第 87 行.
SQL: SHOW COLUMNS FROM `cms_menu` [ RunTime:0.0010s ]
SQL: SELECT * FROM `cms_menu` WHERE `status` = 1 AND `type` = 1 ORDER BY listorder desc , menu_id desc  [ RunTime:0.0004s ]
NOTIC: [8] Undefined index: a C:\wamp64\www\thinkphpNews\Application\Common\Common\function.php 第 40 行.
NOTIC: [8] Undefined index: a C:\wamp64\www\thinkphpNews\Application\Common\Common\function.php 第 40 行.
NOTIC: [8] Undefined index: a C:\wamp64\www\thinkphpNews\Application\Common\Common\function.php 第 40 行.
NOTIC: [8] Undefined index: a C:\wamp64\www\thinkphpNews\Application\Common\Common\function.php 第 40 行.
NOTIC: [8] Undefined index: a C:\wamp64\www\thinkphpNews\Application\Common\Common\function.php 第 40 行.
NOTIC: [8] Undefined index: a C:\wamp64\www\thinkphpNews\Application\Common\Common\function.php 第 40 行.
INFO: Run Behavior\ParseTemplateBehavior [ RunTime:0.018591s ]
INFO: [ view_parse ] --END-- [ RunTime:0.018719s ]
INFO: [ view_filter ] --START--
INFO: Run Behavior\WriteHtmlCacheBehavior [ RunTime:0.000649s ]
INFO: [ view_filter ] --END-- [ RunTime:0.000839s ]
INFO: [ app_end ] --START--
INFO: Run Behavior\ShowPageTraceBehavior [ RunTime:0.000594s ]
INFO: [ app_end ] --END-- [ RunTime:0.000688s ]

[ 2017-04-26T18:50:52+08:00 ] ::1 /thinkphpNews/admin.php?c=PositionContent
INFO: [ app_init ] --START--
INFO: Run Behavior\BuildLiteBehavior [ RunTime:0.000025s ]
INFO: [ app_init ] --END-- [ RunTime:0.000472s ]
INFO: [ app_begin ] --START--
INFO: Run Behavior\ReadHtmlCacheBehavior [ RunTime:0.000698s ]
INFO: [ app_begin ] --END-- [ RunTime:0.000820s ]
NOTIC: [2048] Declaration of Common\Model\PositionModel::find() should be compatible with Think\Model::find($options = Array) C:\wamp64\www\thinkphpNews\Application\Common\Model\PositionModel.class.php 第 9 行.
SQL: SHOW COLUMNS FROM `cms_position` [ RunTime:0.0006s ]
SQL: SELECT * FROM `cms_position` WHERE `status` = 1 ORDER BY id  [ RunTime:0.0002s ]
NOTIC: [8] Undefined index: title C:\wamp64\www\thinkphpNews\Application\Admin\Controller\PositionContentController.class.php 第 17 行.
NOTIC: [8] Undefined index: position_id C:\wamp64\www\thinkphpNews\Application\Admin\Controller\PositionContentController.class.php 第 21 行.
NOTIC: [8] Undefined index: p C:\wamp64\www\thinkphpNews\Application\Admin\Controller\PositionContentController.class.php 第 24 行.
NOTIC: [8] Undefined index: pageSize C:\wamp64\www\thinkphpNews\Application\Admin\Controller\PositionContentController.class.php 第 25 行.
NOTIC: [2048] Declaration of Common\Model\PositionContentModel::find() should be compatible with Think\Model::find($options = Array) C:\wamp64\www\thinkphpNews\Application\Common\Model\PositionContentModel.class.php 第 104 行.
SQL: SHOW COLUMNS FROM `cms_position_content` [ RunTime:0.0008s ]
SQL: SELECT * FROM `cms_position_content` WHERE `status` <> -1 AND `position_id` = 4 ORDER BY id desc LIMIT 0,2   [ RunTime:0.0003s ]
SQL: SELECT COUNT(*) AS tp_count FROM `cms_position_content` WHERE `status` <> -1 AND `position_id` = 4 LIMIT 1   [ RunTime:0.0004s ]
NOTIC: [8] Undefined variable: pageRes C:\wamp64\www\thinkphpNews\Application\Admin\Controller\PositionContentController.class.php 第 30 行.
NOTIC: [8] Undefined index: title C:\wamp64\www\thinkphpNews\Application\Common\Model\PositionContentModel.class.php 第 29 行.
SQL: SELECT * FROM `cms_position_content` WHERE `status` <> -1 AND `position_id` = 4 ORDER BY listorder desc,id desc  [ RunTime:0.0005s ]
INFO: [ view_parse ] --START--
INFO: [ template_filter ] --START--
INFO: Run Behavior\ContentReplaceBehavior [ RunTime:0.000083s ]
INFO: [ template_filter ] --END-- [ RunTime:0.000181s ]
NOTIC: [2048] Declaration of Common\Model\MenuModel::find() should be compatible with Think\Model::find($options = Array) C:\wamp64\www\thinkphpNews\Application\Common\Model\MenuModel.class.php 第 87 行.
SQL: SHOW COLUMNS FROM `cms_menu` [ RunTime:0.0009s ]
SQL: SELECT * FROM `cms_menu` WHERE `status` = 1 AND `type` = 1 ORDER BY listorder desc , menu_id desc  [ RunTime:0.0005s ]
NOTIC: [8] Undefined index: a C:\wamp64\www\thinkphpNews\Application\Common\Common\function.php 第 40 行.
NOTIC: [8] Undefined index: a C:\wamp64\www\thinkphpNews\Application\Common\Common\function.php 第 40 行.
NOTIC: [8] Undefined index: a C:\wamp64\www\thinkphpNews\Application\Common\Common\function.php 第 40 行.
NOTIC: [8] Undefined index: a C:\wamp64\www\thinkphpNews\Application\Common\Common\function.php 第 40 行.
NOTIC: [8] Undefined index: a C:\wamp64\www\thinkphpNews\Application\Common\Common\function.php 第 40 行.
NOTIC: [8] Undefined index: a C:\wamp64\www\thinkphpNews\Application\Common\Common\function.php 第 40 行.
NOTIC: [8] Undefined variable: title C:\wamp64\www\thinkphpNews\Application\Runtime\Cache\Admin\b3c2094605e2b67e8edd0c0d4b77ce4a.php 第 123 行.
INFO: Run Behavior\ParseTemplateBehavior [ RunTime:0.020267s ]
INFO: [ view_parse ] --END-- [ RunTime:0.020375s ]
INFO: [ view_filter ] --START--
INFO: Run Behavior\WriteHtmlCacheBehavior [ RunTime:0.000547s ]
INFO: [ view_filter ] --END-- [ RunTime:0.000636s ]
INFO: [ app_end ] --START--
INFO: Run Behavior\ShowPageTraceBehavior [ RunTime:0.000925s ]
INFO: [ app_end ] --END-- [ RunTime:0.001062s ]

[ 2017-04-26T18:50:57+08:00 ] ::1 /thinkphpNews/admin.php?c=position
INFO: [ app_init ] --START--
INFO: Run Behavior\BuildLiteBehavior [ RunTime:0.000030s ]
INFO: [ app_init ] --END-- [ RunTime:0.000415s ]
INFO: [ app_begin ] --START--
INFO: Run Behavior\ReadHtmlCacheBehavior [ RunTime:0.000680s ]
INFO: [ app_begin ] --END-- [ RunTime:0.000791s ]
NOTIC: [8] Undefined index: p C:\wamp64\www\thinkphpNews\Application\Admin\Controller\PositionController.class.php 第 26 行.
NOTIC: [8] Undefined index: pageSize C:\wamp64\www\thinkphpNews\Application\Admin\Controller\PositionController.class.php 第 27 行.
NOTIC: [2048] Declaration of Common\Model\PositionModel::find() should be compatible with Think\Model::find($options = Array) C:\wamp64\www\thinkphpNews\Application\Common\Model\PositionModel.class.php 第 9 行.
SQL: SHOW COLUMNS FROM `cms_position` [ RunTime:0.0005s ]
SQL: SELECT * FROM `cms_position` WHERE `status` <> -1 ORDER BY id desc LIMIT 0,5   [ RunTime:0.0003s ]
SQL: SELECT COUNT(*) AS tp_count FROM `cms_position` WHERE `status` <> -1 LIMIT 1   [ RunTime:0.0002s ]
INFO: [ view_parse ] --START--
INFO: [ template_filter ] --START--
INFO: Run Behavior\ContentReplaceBehavior [ RunTime:0.000076s ]
INFO: [ template_filter ] --END-- [ RunTime:0.000171s ]
NOTIC: [2048] Declaration of Common\Model\MenuModel::find() should be compatible with Think\Model::find($options = Array) C:\wamp64\www\thinkphpNews\Application\Common\Model\MenuModel.class.php 第 87 行.
SQL: SHOW COLUMNS FROM `cms_menu` [ RunTime:0.0006s ]
SQL: SELECT * FROM `cms_menu` WHERE `status` = 1 AND `type` = 1 ORDER BY listorder desc , menu_id desc  [ RunTime:0.0003s ]
NOTIC: [8] Undefined index: a C:\wamp64\www\thinkphpNews\Application\Common\Common\function.php 第 40 行.
NOTIC: [8] Undefined index: a C:\wamp64\www\thinkphpNews\Application\Common\Common\function.php 第 40 行.
NOTIC: [8] Undefined index: a C:\wamp64\www\thinkphpNews\Application\Common\Common\function.php 第 40 行.
NOTIC: [8] Undefined index: a C:\wamp64\www\thinkphpNews\Application\Common\Common\function.php 第 40 行.
NOTIC: [8] Undefined index: a C:\wamp64\www\thinkphpNews\Application\Common\Common\function.php 第 40 行.
NOTIC: [8] Undefined index: a C:\wamp64\www\thinkphpNews\Application\Common\Common\function.php 第 40 行.
INFO: Run Behavior\ParseTemplateBehavior [ RunTime:0.015659s ]
INFO: [ view_parse ] --END-- [ RunTime:0.015748s ]
INFO: [ view_filter ] --START--
INFO: Run Behavior\WriteHtmlCacheBehavior [ RunTime:0.000494s ]
INFO: [ view_filter ] --END-- [ RunTime:0.000590s ]
INFO: [ app_end ] --START--
INFO: Run Behavior\ShowPageTraceBehavior [ RunTime:0.000586s ]
INFO: [ app_end ] --END-- [ RunTime:0.000680s ]

[ 2017-04-26T19:07:18+08:00 ] ::1 /thinkphpNews/admin.php?c=admin
INFO: [ app_init ] --START--
INFO: Run Behavior\BuildLiteBehavior [ RunTime:0.000023s ]
INFO: [ app_init ] --END-- [ RunTime:0.000452s ]
INFO: [ app_begin ] --START--
INFO: Run Behavior\ReadHtmlCacheBehavior [ RunTime:0.000611s ]
INFO: [ app_begin ] --END-- [ RunTime:0.000845s ]
NOTIC: [2048] Declaration of Admin\Controller\AdminController::setStatus() should be compatible with Admin\Controller\CommonController::setStatus($data, $models) C:\wamp64\www\thinkphpNews\Application\Admin\Controller\AdminController.class.php 第 13 行.
SQL: SHOW COLUMNS FROM `cms_admin` [ RunTime:0.0007s ]
SQL: SELECT * FROM `cms_admin` WHERE `status` <> -1  [ RunTime:0.0003s ]
INFO: [ view_parse ] --START--
INFO: [ template_filter ] --START--
INFO: Run Behavior\ContentReplaceBehavior [ RunTime:0.000079s ]
INFO: [ template_filter ] --END-- [ RunTime:0.000177s ]
NOTIC: [2048] Declaration of Common\Model\MenuModel::find() should be compatible with Think\Model::find($options = Array) C:\wamp64\www\thinkphpNews\Application\Common\Model\MenuModel.class.php 第 87 行.
SQL: SHOW COLUMNS FROM `cms_menu` [ RunTime:0.0006s ]
SQL: SELECT * FROM `cms_menu` WHERE `status` = 1 AND `type` = 1 ORDER BY listorder desc , menu_id desc  [ RunTime:0.0003s ]
NOTIC: [8] Undefined index: a C:\wamp64\www\thinkphpNews\Application\Common\Common\function.php 第 40 行.
NOTIC: [8] Undefined index: a C:\wamp64\www\thinkphpNews\Application\Common\Common\function.php 第 40 行.
NOTIC: [8] Undefined index: a C:\wamp64\www\thinkphpNews\Application\Common\Common\function.php 第 40 行.
NOTIC: [8] Undefined index: a C:\wamp64\www\thinkphpNews\Application\Common\Common\function.php 第 40 行.
NOTIC: [8] Undefined index: a C:\wamp64\www\thinkphpNews\Application\Common\Common\function.php 第 40 行.
NOTIC: [8] Undefined index: a C:\wamp64\www\thinkphpNews\Application\Common\Common\function.php 第 40 行.
INFO: Run Behavior\ParseTemplateBehavior [ RunTime:0.017173s ]
INFO: [ view_parse ] --END-- [ RunTime:0.017265s ]
INFO: [ view_filter ] --START--
INFO: Run Behavior\WriteHtmlCacheBehavior [ RunTime:0.000431s ]
INFO: [ view_filter ] --END-- [ RunTime:0.000533s ]
INFO: [ app_end ] --START--
INFO: Run Behavior\ShowPageTraceBehavior [ RunTime:0.000592s ]
INFO: [ app_end ] --END-- [ RunTime:0.000692s ]

[ 2017-04-26T19:07:19+08:00 ] ::1 /thinkphpNews/admin.php?c=Basic
INFO: [ app_init ] --START--
INFO: Run Behavior\BuildLiteBehavior [ RunTime:0.000024s ]
INFO: [ app_init ] --END-- [ RunTime:0.000410s ]
INFO: [ app_begin ] --START--
INFO: Run Behavior\ReadHtmlCacheBehavior [ RunTime:0.000621s ]
INFO: [ app_begin ] --END-- [ RunTime:0.000744s ]
NOTIC: [2048] Declaration of Common\Model\BasicModel::save() should be compatible with Think\Model::save($data = '', $options = Array) C:\wamp64\www\thinkphpNews\Application\Common\Model\BasicModel.class.php 第 10 行.
NOTIC: [2048] Declaration of Common\Model\BasicModel::select() should be compatible with Think\Model::select($options = Array) C:\wamp64\www\thinkphpNews\Application\Common\Model\BasicModel.class.php 第 10 行.
SQL: SHOW COLUMNS FROM `cms_admin` [ RunTime:0.0007s ]
INFO: [ view_parse ] --START--
INFO: [ template_filter ] --START--
INFO: Run Behavior\ContentReplaceBehavior [ RunTime:0.000075s ]
INFO: [ template_filter ] --END-- [ RunTime:0.000171s ]
NOTIC: [2048] Declaration of Common\Model\MenuModel::find() should be compatible with Think\Model::find($options = Array) C:\wamp64\www\thinkphpNews\Application\Common\Model\MenuModel.class.php 第 87 行.
SQL: SHOW COLUMNS FROM `cms_menu` [ RunTime:0.0006s ]
SQL: SELECT * FROM `cms_menu` WHERE `status` = 1 AND `type` = 1 ORDER BY listorder desc , menu_id desc  [ RunTime:0.0004s ]
NOTIC: [8] Undefined index: a C:\wamp64\www\thinkphpNews\Application\Common\Common\function.php 第 40 行.
NOTIC: [8] Undefined index: a C:\wamp64\www\thinkphpNews\Application\Common\Common\function.php 第 40 行.
NOTIC: [8] Undefined index: a C:\wamp64\www\thinkphpNews\Application\Common\Common\function.php 第 40 行.
NOTIC: [8] Undefined index: a C:\wamp64\www\thinkphpNews\Application\Common\Common\function.php 第 40 行.
NOTIC: [8] Undefined index: a C:\wamp64\www\thinkphpNews\Application\Common\Common\function.php 第 40 行.
NOTIC: [8] Undefined index: a C:\wamp64\www\thinkphpNews\Application\Common\Common\function.php 第 40 行.
INFO: Run Behavior\ParseTemplateBehavior [ RunTime:0.013016s ]
INFO: [ view_parse ] --END-- [ RunTime:0.013111s ]
INFO: [ view_filter ] --START--
INFO: Run Behavior\WriteHtmlCacheBehavior [ RunTime:0.000448s ]
INFO: [ view_filter ] --END-- [ RunTime:0.000535s ]
INFO: [ app_end ] --START--
INFO: Run Behavior\ShowPageTraceBehavior [ RunTime:0.000541s ]
INFO: [ app_end ] --END-- [ RunTime:0.000640s ]

[ 2017-04-26T19:07:20+08:00 ] ::1 /thinkphpNews/admin.php?c=admin
INFO: [ app_init ] --START--
INFO: Run Behavior\BuildLiteBehavior [ RunTime:0.000021s ]
INFO: [ app_init ] --END-- [ RunTime:0.000363s ]
INFO: [ app_begin ] --START--
INFO: Run Behavior\ReadHtmlCacheBehavior [ RunTime:0.000531s ]
INFO: [ app_begin ] --END-- [ RunTime:0.000636s ]
NOTIC: [2048] Declaration of Admin\Controller\AdminController::setStatus() should be compatible with Admin\Controller\CommonController::setStatus($data, $models) C:\wamp64\www\thinkphpNews\Application\Admin\Controller\AdminController.class.php 第 13 行.
SQL: SHOW COLUMNS FROM `cms_admin` [ RunTime:0.0005s ]
SQL: SELECT * FROM `cms_admin` WHERE `status` <> -1  [ RunTime:0.0002s ]
INFO: [ view_parse ] --START--
INFO: [ template_filter ] --START--
INFO: Run Behavior\ContentReplaceBehavior [ RunTime:0.000075s ]
INFO: [ template_filter ] --END-- [ RunTime:0.000172s ]
NOTIC: [2048] Declaration of Common\Model\MenuModel::find() should be compatible with Think\Model::find($options = Array) C:\wamp64\www\thinkphpNews\Application\Common\Model\MenuModel.class.php 第 87 行.
SQL: SHOW COLUMNS FROM `cms_menu` [ RunTime:0.0006s ]
SQL: SELECT * FROM `cms_menu` WHERE `status` = 1 AND `type` = 1 ORDER BY listorder desc , menu_id desc  [ RunTime:0.0003s ]
NOTIC: [8] Undefined index: a C:\wamp64\www\thinkphpNews\Application\Common\Common\function.php 第 40 行.
NOTIC: [8] Undefined index: a C:\wamp64\www\thinkphpNews\Application\Common\Common\function.php 第 40 行.
NOTIC: [8] Undefined index: a C:\wamp64\www\thinkphpNews\Application\Common\Common\function.php 第 40 行.
NOTIC: [8] Undefined index: a C:\wamp64\www\thinkphpNews\Application\Common\Common\function.php 第 40 行.
NOTIC: [8] Undefined index: a C:\wamp64\www\thinkphpNews\Application\Common\Common\function.php 第 40 行.
NOTIC: [8] Undefined index: a C:\wamp64\www\thinkphpNews\Application\Common\Common\function.php 第 40 行.
INFO: Run Behavior\ParseTemplateBehavior [ RunTime:0.015262s ]
INFO: [ view_parse ] --END-- [ RunTime:0.015356s ]
INFO: [ view_filter ] --START--
INFO: Run Behavior\WriteHtmlCacheBehavior [ RunTime:0.000514s ]
INFO: [ view_filter ] --END-- [ RunTime:0.000634s ]
INFO: [ app_end ] --START--
INFO: Run Behavior\ShowPageTraceBehavior [ RunTime:0.000655s ]
INFO: [ app_end ] --END-- [ RunTime:0.000768s ]

[ 2017-04-26T19:07:20+08:00 ] ::1 /thinkphpNews/admin.php?c=menu
INFO: [ app_init ] --START--
INFO: Run Behavior\BuildLiteBehavior [ RunTime:0.000024s ]
INFO: [ app_init ] --END-- [ RunTime:0.000394s ]
INFO: [ app_begin ] --START--
INFO: Run Behavior\ReadHtmlCacheBehavior [ RunTime:0.000546s ]
INFO: [ app_begin ] --END-- [ RunTime:0.000651s ]
NOTIC: [8] Undefined index: p C:\wamp64\www\thinkphpNews\Application\Admin\Controller\MenuController.class.php 第 24 行.
NOTIC: [8] Undefined index: pageSize C:\wamp64\www\thinkphpNews\Application\Admin\Controller\MenuController.class.php 第 25 行.
NOTIC: [2048] Declaration of Common\Model\MenuModel::find() should be compatible with Think\Model::find($options = Array) C:\wamp64\www\thinkphpNews\Application\Common\Model\MenuModel.class.php 第 5 行.
SQL: SHOW COLUMNS FROM `cms_menu` [ RunTime:0.0005s ]
SQL: SELECT * FROM `cms_menu` WHERE `status` <> -1 ORDER BY listorder desc , menu_id desc LIMIT 0,5   [ RunTime:0.0003s ]
SQL: SELECT COUNT(*) AS tp_count FROM `cms_menu` WHERE `status` <> -1 LIMIT 1   [ RunTime:0.0004s ]
INFO: [ view_parse ] --START--
INFO: [ template_filter ] --START--
INFO: Run Behavior\ContentReplaceBehavior [ RunTime:0.000111s ]
INFO: [ template_filter ] --END-- [ RunTime:0.000230s ]
SQL: SELECT * FROM `cms_menu` WHERE `status` = 1 AND `type` = 1 ORDER BY listorder desc , menu_id desc  [ RunTime:0.0004s ]
NOTIC: [8] Undefined index: a C:\wamp64\www\thinkphpNews\Application\Common\Common\function.php 第 40 行.
NOTIC: [8] Undefined index: a C:\wamp64\www\thinkphpNews\Application\Common\Common\function.php 第 40 行.
NOTIC: [8] Undefined index: a C:\wamp64\www\thinkphpNews\Application\Common\Common\function.php 第 40 行.
NOTIC: [8] Undefined index: a C:\wamp64\www\thinkphpNews\Application\Common\Common\function.php 第 40 行.
NOTIC: [8] Undefined index: a C:\wamp64\www\thinkphpNews\Application\Common\Common\function.php 第 40 行.
NOTIC: [8] Undefined index: a C:\wamp64\www\thinkphpNews\Application\Common\Common\function.php 第 40 行.
NOTIC: [8] Array to string conversion C:\wamp64\www\thinkphpNews\Application\Runtime\Cache\Admin\b956215329b6f9aca22277599a4efdfc.php 第 103 行.
INFO: Run Behavior\ParseTemplateBehavior [ RunTime:0.013389s ]
INFO: [ view_parse ] --END-- [ RunTime:0.013482s ]
INFO: [ view_filter ] --START--
INFO: Run Behavior\WriteHtmlCacheBehavior [ RunTime:0.000414s ]
INFO: [ view_filter ] --END-- [ RunTime:0.000502s ]
INFO: [ app_end ] --START--
INFO: Run Behavior\ShowPageTraceBehavior [ RunTime:0.000569s ]
INFO: [ app_end ] --END-- [ RunTime:0.000673s ]

[ 2017-04-26T19:07:29+08:00 ] ::1 /thinkphpNews/admin.php?m=Admin&c=Menu&a=index&p=2
INFO: [ app_init ] --START--
INFO: Run Behavior\BuildLiteBehavior [ RunTime:0.000025s ]
INFO: [ app_init ] --END-- [ RunTime:0.000424s ]
INFO: [ app_begin ] --START--
INFO: Run Behavior\ReadHtmlCacheBehavior [ RunTime:0.000607s ]
INFO: [ app_begin ] --END-- [ RunTime:0.000727s ]
NOTIC: [8] Undefined index: pageSize C:\wamp64\www\thinkphpNews\Application\Admin\Controller\MenuController.class.php 第 25 行.
NOTIC: [2048] Declaration of Common\Model\MenuModel::find() should be compatible with Think\Model::find($options = Array) C:\wamp64\www\thinkphpNews\Application\Common\Model\MenuModel.class.php 第 5 行.
SQL: SHOW COLUMNS FROM `cms_menu` [ RunTime:0.0005s ]
SQL: SELECT * FROM `cms_menu` WHERE `status` <> -1 ORDER BY listorder desc , menu_id desc LIMIT 5,5   [ RunTime:0.0003s ]
SQL: SELECT COUNT(*) AS tp_count FROM `cms_menu` WHERE `status` <> -1 LIMIT 1   [ RunTime:0.0001s ]
INFO: [ view_parse ] --START--
INFO: [ template_filter ] --START--
INFO: Run Behavior\ContentReplaceBehavior [ RunTime:0.000324s ]
INFO: [ template_filter ] --END-- [ RunTime:0.000495s ]
SQL: SELECT * FROM `cms_menu` WHERE `status` = 1 AND `type` = 1 ORDER BY listorder desc , menu_id desc  [ RunTime:0.0004s ]
NOTIC: [8] Undefined index: a C:\wamp64\www\thinkphpNews\Application\Common\Common\function.php 第 40 行.
NOTIC: [8] Undefined index: a C:\wamp64\www\thinkphpNews\Application\Common\Common\function.php 第 40 行.
NOTIC: [8] Undefined index: a C:\wamp64\www\thinkphpNews\Application\Common\Common\function.php 第 40 行.
NOTIC: [8] Undefined index: a C:\wamp64\www\thinkphpNews\Application\Common\Common\function.php 第 40 行.
NOTIC: [8] Undefined index: a C:\wamp64\www\thinkphpNews\Application\Common\Common\function.php 第 40 行.
NOTIC: [8] Undefined index: a C:\wamp64\www\thinkphpNews\Application\Common\Common\function.php 第 40 行.
NOTIC: [8] Array to string conversion C:\wamp64\www\thinkphpNews\Application\Runtime\Cache\Admin\b956215329b6f9aca22277599a4efdfc.php 第 103 行.
INFO: Run Behavior\ParseTemplateBehavior [ RunTime:0.015530s ]
INFO: [ view_parse ] --END-- [ RunTime:0.015624s ]
INFO: [ view_filter ] --START--
INFO: Run Behavior\WriteHtmlCacheBehavior [ RunTime:0.000484s ]
INFO: [ view_filter ] --END-- [ RunTime:0.000570s ]
INFO: [ app_end ] --START--
INFO: Run Behavior\ShowPageTraceBehavior [ RunTime:0.000723s ]
INFO: [ app_end ] --END-- [ RunTime:0.000863s ]

[ 2017-04-26T19:27:16+08:00 ] ::1 /thinkphpNews/admin.php?c=admin
INFO: [ app_init ] --START--
INFO: Run Behavior\BuildLiteBehavior [ RunTime:0.000024s ]
INFO: [ app_init ] --END-- [ RunTime:0.000452s ]
INFO: [ app_begin ] --START--
INFO: Run Behavior\ReadHtmlCacheBehavior [ RunTime:0.000780s ]
INFO: [ app_begin ] --END-- [ RunTime:0.000900s ]
NOTIC: [2048] Declaration of Admin\Controller\AdminController::setStatus() should be compatible with Admin\Controller\CommonController::setStatus($data, $models) C:\wamp64\www\thinkphpNews\Application\Admin\Controller\AdminController.class.php 第 13 行.
SQL: SHOW COLUMNS FROM `cms_admin` [ RunTime:0.0008s ]
SQL: SELECT * FROM `cms_admin` WHERE `status` <> -1  [ RunTime:0.0003s ]
INFO: [ view_parse ] --START--
INFO: [ template_filter ] --START--
INFO: Run Behavior\ContentReplaceBehavior [ RunTime:0.000082s ]
INFO: [ template_filter ] --END-- [ RunTime:0.000204s ]
NOTIC: [2048] Declaration of Common\Model\MenuModel::find() should be compatible with Think\Model::find($options = Array) C:\wamp64\www\thinkphpNews\Application\Common\Model\MenuModel.class.php 第 87 行.
SQL: SHOW COLUMNS FROM `cms_menu` [ RunTime:0.0006s ]
SQL: SELECT * FROM `cms_menu` WHERE `status` = 1 AND `type` = 1 ORDER BY listorder desc , menu_id desc  [ RunTime:0.0003s ]
NOTIC: [8] Undefined index: a C:\wamp64\www\thinkphpNews\Application\Common\Common\function.php 第 40 行.
NOTIC: [8] Undefined index: a C:\wamp64\www\thinkphpNews\Application\Common\Common\function.php 第 40 行.
NOTIC: [8] Undefined index: a C:\wamp64\www\thinkphpNews\Application\Common\Common\function.php 第 40 行.
NOTIC: [8] Undefined index: a C:\wamp64\www\thinkphpNews\Application\Common\Common\function.php 第 40 行.
NOTIC: [8] Undefined index: a C:\wamp64\www\thinkphpNews\Application\Common\Common\function.php 第 40 行.
NOTIC: [8] Undefined index: a C:\wamp64\www\thinkphpNews\Application\Common\Common\function.php 第 40 行.
INFO: Run Behavior\ParseTemplateBehavior [ RunTime:0.018173s ]
INFO: [ view_parse ] --END-- [ RunTime:0.018264s ]
INFO: [ view_filter ] --START--
INFO: Run Behavior\WriteHtmlCacheBehavior [ RunTime:0.000494s ]
INFO: [ view_filter ] --END-- [ RunTime:0.000582s ]
INFO: [ app_end ] --START--
INFO: Run Behavior\ShowPageTraceBehavior [ RunTime:0.000717s ]
INFO: [ app_end ] --END-- [ RunTime:0.000818s ]

[ 2017-04-26T19:27:17+08:00 ] ::1 /thinkphpNews/admin.php?c=Basic
INFO: [ app_init ] --START--
INFO: Run Behavior\BuildLiteBehavior [ RunTime:0.000024s ]
INFO: [ app_init ] --END-- [ RunTime:0.000440s ]
INFO: [ app_begin ] --START--
INFO: Run Behavior\ReadHtmlCacheBehavior [ RunTime:0.000551s ]
INFO: [ app_begin ] --END-- [ RunTime:0.000658s ]
NOTIC: [2048] Declaration of Common\Model\BasicModel::save() should be compatible with Think\Model::save($data = '', $options = Array) C:\wamp64\www\thinkphpNews\Application\Common\Model\BasicModel.class.php 第 10 行.
NOTIC: [2048] Declaration of Common\Model\BasicModel::select() should be compatible with Think\Model::select($options = Array) C:\wamp64\www\thinkphpNews\Application\Common\Model\BasicModel.class.php 第 10 行.
SQL: SHOW COLUMNS FROM `cms_admin` [ RunTime:0.0008s ]
INFO: [ view_parse ] --START--
INFO: [ template_filter ] --START--
INFO: Run Behavior\ContentReplaceBehavior [ RunTime:0.000076s ]
INFO: [ template_filter ] --END-- [ RunTime:0.000191s ]
NOTIC: [2048] Declaration of Common\Model\MenuModel::find() should be compatible with Think\Model::find($options = Array) C:\wamp64\www\thinkphpNews\Application\Common\Model\MenuModel.class.php 第 87 行.
SQL: SHOW COLUMNS FROM `cms_menu` [ RunTime:0.0010s ]
SQL: SELECT * FROM `cms_menu` WHERE `status` = 1 AND `type` = 1 ORDER BY listorder desc , menu_id desc  [ RunTime:0.0005s ]
NOTIC: [8] Undefined index: a C:\wamp64\www\thinkphpNews\Application\Common\Common\function.php 第 40 行.
NOTIC: [8] Undefined index: a C:\wamp64\www\thinkphpNews\Application\Common\Common\function.php 第 40 行.
NOTIC: [8] Undefined index: a C:\wamp64\www\thinkphpNews\Application\Common\Common\function.php 第 40 行.
NOTIC: [8] Undefined index: a C:\wamp64\www\thinkphpNews\Application\Common\Common\function.php 第 40 行.
NOTIC: [8] Undefined index: a C:\wamp64\www\thinkphpNews\Application\Common\Common\function.php 第 40 行.
NOTIC: [8] Undefined index: a C:\wamp64\www\thinkphpNews\Application\Common\Common\function.php 第 40 行.
INFO: Run Behavior\ParseTemplateBehavior [ RunTime:0.018082s ]
INFO: [ view_parse ] --END-- [ RunTime:0.018193s ]
INFO: [ view_filter ] --START--
INFO: Run Behavior\WriteHtmlCacheBehavior [ RunTime:0.000647s ]
INFO: [ view_filter ] --END-- [ RunTime:0.000759s ]
INFO: [ app_end ] --START--
INFO: Run Behavior\ShowPageTraceBehavior [ RunTime:0.000708s ]
INFO: [ app_end ] --END-- [ RunTime:0.000813s ]

[ 2017-04-26T19:27:18+08:00 ] ::1 /thinkphpNews/admin.php?c=content
INFO: [ app_init ] --START--
INFO: Run Behavior\BuildLiteBehavior [ RunTime:0.000024s ]
INFO: [ app_init ] --END-- [ RunTime:0.000415s ]
INFO: [ app_begin ] --START--
INFO: Run Behavior\ReadHtmlCacheBehavior [ RunTime:0.000608s ]
INFO: [ app_begin ] --END-- [ RunTime:0.000727s ]
NOTIC: [8] Undefined index: title C:\wamp64\www\thinkphpNews\Application\Admin\Controller\ContentController.class.php 第 13 行.
NOTIC: [8] Undefined index: title C:\wamp64\www\thinkphpNews\Application\Admin\Controller\ContentController.class.php 第 18 行.
NOTIC: [8] Undefined index: catid C:\wamp64\www\thinkphpNews\Application\Admin\Controller\ContentController.class.php 第 22 行.
NOTIC: [8] Undefined index: p C:\wamp64\www\thinkphpNews\Application\Admin\Controller\ContentController.class.php 第 25 行.
NOTIC: [2048] Declaration of Common\Model\NewsModel::find() should be compatible with Think\Model::find($options = Array) C:\wamp64\www\thinkphpNews\Application\Common\Model\NewsModel.class.php 第 10 行.
SQL: SHOW COLUMNS FROM `cms_news` [ RunTime:0.0005s ]
SQL: SELECT * FROM `cms_news` WHERE `status` <> -1 ORDER BY listorder desc , news_id desc LIMIT 0,5   [ RunTime:0.0003s ]
SQL: SELECT COUNT(*) AS tp_count FROM `cms_news` WHERE `status` <> -1 LIMIT 1   [ RunTime:0.0002s ]
NOTIC: [8] Undefined index: catid C:\wamp64\www\thinkphpNews\Application\Admin\Controller\ContentController.class.php 第 30 行.
NOTIC: [2048] Declaration of Common\Model\PositionModel::find() should be compatible with Think\Model::find($options = Array) C:\wamp64\www\thinkphpNews\Application\Common\Model\PositionModel.class.php 第 86 行.
SQL: SHOW COLUMNS FROM `cms_position` [ RunTime:0.0005s ]
SQL: SELECT * FROM `cms_position` WHERE `status` = 1 ORDER BY id  [ RunTime:0.0003s ]
NOTIC: [2048] Declaration of Common\Model\MenuModel::find() should be compatible with Think\Model::find($options = Array) C:\wamp64\www\thinkphpNews\Application\Common\Model\MenuModel.class.php 第 87 行.
SQL: SHOW COLUMNS FROM `cms_menu` [ RunTime:0.0010s ]
SQL: SELECT * FROM `cms_menu` WHERE `status` = 1 AND `type` = 0 ORDER BY listorder desc , menu_id desc  [ RunTime:0.0005s ]
INFO: [ view_parse ] --START--
INFO: [ template_filter ] --START--
INFO: Run Behavior\ContentReplaceBehavior [ RunTime:0.000096s ]
INFO: [ template_filter ] --END-- [ RunTime:0.000235s ]
SQL: SELECT * FROM `cms_menu` WHERE `status` = 1 AND `type` = 1 ORDER BY listorder desc , menu_id desc  [ RunTime:0.0004s ]
NOTIC: [8] Undefined index: a C:\wamp64\www\thinkphpNews\Application\Common\Common\function.php 第 40 行.
NOTIC: [8] Undefined index: a C:\wamp64\www\thinkphpNews\Application\Common\Common\function.php 第 40 行.
NOTIC: [8] Undefined index: a C:\wamp64\www\thinkphpNews\Application\Common\Common\function.php 第 40 行.
NOTIC: [8] Undefined index: a C:\wamp64\www\thinkphpNews\Application\Common\Common\function.php 第 40 行.
NOTIC: [8] Undefined index: a C:\wamp64\www\thinkphpNews\Application\Common\Common\function.php 第 40 行.
NOTIC: [8] Undefined index: a C:\wamp64\www\thinkphpNews\Application\Common\Common\function.php 第 40 行.
NOTIC: [8] Undefined variable: title C:\wamp64\www\thinkphpNews\Application\Runtime\Cache\Admin\ccc9ced3ad798311a07cb47b740981c5.php 第 125 行.
INFO: Run Behavior\ParseTemplateBehavior [ RunTime:0.017880s ]
INFO: [ view_parse ] --END-- [ RunTime:0.017998s ]
INFO: [ view_filter ] --START--
INFO: Run Behavior\WriteHtmlCacheBehavior [ RunTime:0.000421s ]
INFO: [ view_filter ] --END-- [ RunTime:0.000517s ]
INFO: [ app_end ] --START--
INFO: Run Behavior\ShowPageTraceBehavior [ RunTime:0.000919s ]
INFO: [ app_end ] --END-- [ RunTime:0.001060s ]

[ 2017-04-26T19:27:19+08:00 ] ::1 /thinkphpNews/admin.php?c=content&a=edit&id=22
INFO: [ app_init ] --START--
INFO: Run Behavior\BuildLiteBehavior [ RunTime:0.000033s ]
INFO: [ app_init ] --END-- [ RunTime:0.000438s ]
INFO: [ app_begin ] --START--
INFO: Run Behavior\ReadHtmlCacheBehavior [ RunTime:0.000682s ]
INFO: [ app_begin ] --END-- [ RunTime:0.000836s ]
NOTIC: [2048] Declaration of Common\Model\NewsModel::find() should be compatible with Think\Model::find($options = Array) C:\wamp64\www\thinkphpNews\Application\Common\Model\NewsModel.class.php 第 10 行.
SQL: SHOW COLUMNS FROM `cms_news` [ RunTime:0.0006s ]
SQL: SELECT * FROM `cms_news` WHERE ( news_id=22 ) LIMIT 1   [ RunTime:0.0003s ]
NOTIC: [2048] Declaration of Common\Model\NewsContentModel::find() should be compatible with Think\Model::find($options = Array) C:\wamp64\www\thinkphpNews\Application\Common\Model\NewsContentModel.class.php 第 58 行.
SQL: SHOW COLUMNS FROM `cms_news_content` [ RunTime:0.0006s ]
SQL: SELECT * FROM `cms_news_content` WHERE ( news_id=22 ) LIMIT 1   [ RunTime:0.0079s ]
NOTIC: [2048] Declaration of Common\Model\MenuModel::find() should be compatible with Think\Model::find($options = Array) C:\wamp64\www\thinkphpNews\Application\Common\Model\MenuModel.class.php 第 87 行.
SQL: SHOW COLUMNS FROM `cms_menu` [ RunTime:0.0006s ]
SQL: SELECT * FROM `cms_menu` WHERE `status` = 1 AND `type` = 0 ORDER BY listorder desc , menu_id desc  [ RunTime:0.0004s ]
INFO: [ view_parse ] --START--
INFO: [ template_filter ] --START--
INFO: Run Behavior\ContentReplaceBehavior [ RunTime:0.000092s ]
INFO: [ template_filter ] --END-- [ RunTime:0.000204s ]
SQL: SELECT * FROM `cms_menu` WHERE `status` = 1 AND `type` = 1 ORDER BY listorder desc , menu_id desc  [ RunTime:0.0007s ]
NOTIC: [8] Undefined index: a C:\wamp64\www\thinkphpNews\Application\Common\Common\function.php 第 40 行.
NOTIC: [8] Undefined index: a C:\wamp64\www\thinkphpNews\Application\Common\Common\function.php 第 40 行.
NOTIC: [8] Undefined index: a C:\wamp64\www\thinkphpNews\Application\Common\Common\function.php 第 40 行.
NOTIC: [8] Undefined index: a C:\wamp64\www\thinkphpNews\Application\Common\Common\function.php 第 40 行.
NOTIC: [8] Undefined index: a C:\wamp64\www\thinkphpNews\Application\Common\Common\function.php 第 40 行.
NOTIC: [8] Undefined index: a C:\wamp64\www\thinkphpNews\Application\Common\Common\function.php 第 40 行.
INFO: Run Behavior\ParseTemplateBehavior [ RunTime:0.017266s ]
INFO: [ view_parse ] --END-- [ RunTime:0.017400s ]
INFO: [ view_filter ] --START--
INFO: Run Behavior\WriteHtmlCacheBehavior [ RunTime:0.000514s ]
INFO: [ view_filter ] --END-- [ RunTime:0.000607s ]
INFO: [ app_end ] --START--
INFO: Run Behavior\ShowPageTraceBehavior [ RunTime:0.000774s ]
INFO: [ app_end ] --END-- [ RunTime:0.000944s ]

[ 2017-04-26T19:57:06+08:00 ] ::1 /thinkphpNews/admin.php?c=Basic
INFO: [ app_init ] --START--
INFO: Run Behavior\BuildLiteBehavior [ RunTime:0.000023s ]
INFO: [ app_init ] --END-- [ RunTime:0.000382s ]
INFO: [ app_begin ] --START--
INFO: Run Behavior\ReadHtmlCacheBehavior [ RunTime:0.000532s ]
INFO: [ app_begin ] --END-- [ RunTime:0.000699s ]
NOTIC: [2048] Declaration of Common\Model\BasicModel::save() should be compatible with Think\Model::save($data = '', $options = Array) C:\wamp64\www\thinkphpNews\Application\Common\Model\BasicModel.class.php 第 10 行.
NOTIC: [2048] Declaration of Common\Model\BasicModel::select() should be compatible with Think\Model::select($options = Array) C:\wamp64\www\thinkphpNews\Application\Common\Model\BasicModel.class.php 第 10 行.
SQL: SHOW COLUMNS FROM `cms_admin` [ RunTime:0.0006s ]
INFO: [ view_parse ] --START--
INFO: [ template_filter ] --START--
INFO: Run Behavior\ContentReplaceBehavior [ RunTime:0.000072s ]
INFO: [ template_filter ] --END-- [ RunTime:0.000190s ]
NOTIC: [2048] Declaration of Common\Model\MenuModel::find() should be compatible with Think\Model::find($options = Array) C:\wamp64\www\thinkphpNews\Application\Common\Model\MenuModel.class.php 第 87 行.
SQL: SHOW COLUMNS FROM `cms_menu` [ RunTime:0.0009s ]
SQL: SELECT * FROM `cms_menu` WHERE `status` = 1 AND `type` = 1 ORDER BY listorder desc , menu_id desc  [ RunTime:0.0003s ]
NOTIC: [8] Undefined index: a C:\wamp64\www\thinkphpNews\Application\Common\Common\function.php 第 40 行.
NOTIC: [8] Undefined index: a C:\wamp64\www\thinkphpNews\Application\Common\Common\function.php 第 40 行.
NOTIC: [8] Undefined index: a C:\wamp64\www\thinkphpNews\Application\Common\Common\function.php 第 40 行.
NOTIC: [8] Undefined index: a C:\wamp64\www\thinkphpNews\Application\Common\Common\function.php 第 40 行.
NOTIC: [8] Undefined index: a C:\wamp64\www\thinkphpNews\Application\Common\Common\function.php 第 40 行.
NOTIC: [8] Undefined index: a C:\wamp64\www\thinkphpNews\Application\Common\Common\function.php 第 40 行.
INFO: Run Behavior\ParseTemplateBehavior [ RunTime:0.014188s ]
INFO: [ view_parse ] --END-- [ RunTime:0.014309s ]
INFO: [ view_filter ] --START--
INFO: Run Behavior\WriteHtmlCacheBehavior [ RunTime:0.000404s ]
INFO: [ view_filter ] --END-- [ RunTime:0.000490s ]
INFO: [ app_end ] --START--
INFO: Run Behavior\ShowPageTraceBehavior [ RunTime:0.000515s ]
INFO: [ app_end ] --END-- [ RunTime:0.000613s ]

[ 2017-04-26T19:57:07+08:00 ] ::1 /thinkphpNews/admin.php?c=admin
INFO: [ app_init ] --START--
INFO: Run Behavior\BuildLiteBehavior [ RunTime:0.000023s ]
INFO: [ app_init ] --END-- [ RunTime:0.000422s ]
INFO: [ app_begin ] --START--
INFO: Run Behavior\ReadHtmlCacheBehavior [ RunTime:0.000532s ]
INFO: [ app_begin ] --END-- [ RunTime:0.000651s ]
NOTIC: [2048] Declaration of Admin\Controller\AdminController::setStatus() should be compatible with Admin\Controller\CommonController::setStatus($data, $models) C:\wamp64\www\thinkphpNews\Application\Admin\Controller\AdminController.class.php 第 13 行.
SQL: SHOW COLUMNS FROM `cms_admin` [ RunTime:0.0005s ]
SQL: SELECT * FROM `cms_admin` WHERE `status` <> -1  [ RunTime:0.0003s ]
INFO: [ view_parse ] --START--
INFO: [ template_filter ] --START--
INFO: Run Behavior\ContentReplaceBehavior [ RunTime:0.000070s ]
INFO: [ template_filter ] --END-- [ RunTime:0.000174s ]
NOTIC: [2048] Declaration of Common\Model\MenuModel::find() should be compatible with Think\Model::find($options = Array) C:\wamp64\www\thinkphpNews\Application\Common\Model\MenuModel.class.php 第 87 行.
SQL: SHOW COLUMNS FROM `cms_menu` [ RunTime:0.0012s ]
SQL: SELECT * FROM `cms_menu` WHERE `status` = 1 AND `type` = 1 ORDER BY listorder desc , menu_id desc  [ RunTime:0.0003s ]
NOTIC: [8] Undefined index: a C:\wamp64\www\thinkphpNews\Application\Common\Common\function.php 第 40 行.
NOTIC: [8] Undefined index: a C:\wamp64\www\thinkphpNews\Application\Common\Common\function.php 第 40 行.
NOTIC: [8] Undefined index: a C:\wamp64\www\thinkphpNews\Application\Common\Common\function.php 第 40 行.
NOTIC: [8] Undefined index: a C:\wamp64\www\thinkphpNews\Application\Common\Common\function.php 第 40 行.
NOTIC: [8] Undefined index: a C:\wamp64\www\thinkphpNews\Application\Common\Common\function.php 第 40 行.
NOTIC: [8] Undefined index: a C:\wamp64\www\thinkphpNews\Application\Common\Common\function.php 第 40 行.
INFO: Run Behavior\ParseTemplateBehavior [ RunTime:0.015497s ]
INFO: [ view_parse ] --END-- [ RunTime:0.015587s ]
INFO: [ view_filter ] --START--
INFO: Run Behavior\WriteHtmlCacheBehavior [ RunTime:0.000650s ]
INFO: [ view_filter ] --END-- [ RunTime:0.000781s ]
INFO: [ app_end ] --START--
INFO: Run Behavior\ShowPageTraceBehavior [ RunTime:0.000651s ]
INFO: [ app_end ] --END-- [ RunTime:0.000807s ]

[ 2017-04-26T19:57:08+08:00 ] ::1 /thinkphpNews/admin.php?c=menu
INFO: [ app_init ] --START--
INFO: Run Behavior\BuildLiteBehavior [ RunTime:0.000025s ]
INFO: [ app_init ] --END-- [ RunTime:0.000503s ]
INFO: [ app_begin ] --START--
INFO: Run Behavior\ReadHtmlCacheBehavior [ RunTime:0.000742s ]
INFO: [ app_begin ] --END-- [ RunTime:0.000870s ]
NOTIC: [8] Undefined index: p C:\wamp64\www\thinkphpNews\Application\Admin\Controller\MenuController.class.php 第 24 行.
NOTIC: [8] Undefined index: pageSize C:\wamp64\www\thinkphpNews\Application\Admin\Controller\MenuController.class.php 第 25 行.
NOTIC: [2048] Declaration of Common\Model\MenuModel::find() should be compatible with Think\Model::find($options = Array) C:\wamp64\www\thinkphpNews\Application\Common\Model\MenuModel.class.php 第 5 行.
SQL: SHOW COLUMNS FROM `cms_menu` [ RunTime:0.0006s ]
SQL: SELECT * FROM `cms_menu` WHERE `status` <> -1 ORDER BY listorder desc , menu_id desc LIMIT 0,5   [ RunTime:0.0003s ]
SQL: SELECT COUNT(*) AS tp_count FROM `cms_menu` WHERE `status` <> -1 LIMIT 1   [ RunTime:0.0002s ]
INFO: [ view_parse ] --START--
INFO: [ template_filter ] --START--
INFO: Run Behavior\ContentReplaceBehavior [ RunTime:0.000080s ]
INFO: [ template_filter ] --END-- [ RunTime:0.000180s ]
SQL: SELECT * FROM `cms_menu` WHERE `status` = 1 AND `type` = 1 ORDER BY listorder desc , menu_id desc  [ RunTime:0.0004s ]
NOTIC: [8] Undefined index: a C:\wamp64\www\thinkphpNews\Application\Common\Common\function.php 第 40 行.
NOTIC: [8] Undefined index: a C:\wamp64\www\thinkphpNews\Application\Common\Common\function.php 第 40 行.
NOTIC: [8] Undefined index: a C:\wamp64\www\thinkphpNews\Application\Common\Common\function.php 第 40 行.
NOTIC: [8] Undefined index: a C:\wamp64\www\thinkphpNews\Application\Common\Common\function.php 第 40 行.
NOTIC: [8] Undefined index: a C:\wamp64\www\thinkphpNews\Application\Common\Common\function.php 第 40 行.
NOTIC: [8] Undefined index: a C:\wamp64\www\thinkphpNews\Application\Common\Common\function.php 第 40 行.
NOTIC: [8] Array to string conversion C:\wamp64\www\thinkphpNews\Application\Runtime\Cache\Admin\b956215329b6f9aca22277599a4efdfc.php 第 103 行.
INFO: Run Behavior\ParseTemplateBehavior [ RunTime:0.013213s ]
INFO: [ view_parse ] --END-- [ RunTime:0.013310s ]
INFO: [ view_filter ] --START--
INFO: Run Behavior\WriteHtmlCacheBehavior [ RunTime:0.000392s ]
INFO: [ view_filter ] --END-- [ RunTime:0.000475s ]
INFO: [ app_end ] --START--
INFO: Run Behavior\ShowPageTraceBehavior [ RunTime:0.000783s ]
INFO: [ app_end ] --END-- [ RunTime:0.000892s ]

